==============================
*** Open Babel Error  in openLib
  /home/blais.ch/.conda/envs/rmg_julia_env/lib/openbabel/3.1.0/cmlformat.so did not load properly.
 Error: /shared/centos7/gcc/7.2.0/lib64/libstdc++.so.6: version `GLIBCXX_3.4.26' not found (required by /home/blais.ch/.conda/envs/rmg_julia_env/lib/openbabel/3.1.0/cmlformat.so)
==============================
*** Open Babel Error  in openLib
  /home/blais.ch/.conda/envs/rmg_julia_env/lib/openbabel/3.1.0/pubchemjsonformat.so did not load properly.
 Error: /shared/centos7/gcc/7.2.0/lib64/libstdc++.so.6: version `GLIBCXX_3.4.26' not found (required by /home/blais.ch/.conda/envs/rmg_julia_env/lib/openbabel/3.1.0/pubchemjsonformat.so)
==============================
*** Open Babel Error  in openLib
  /home/blais.ch/.conda/envs/rmg_julia_env/lib/openbabel/3.1.0/lpmdformat.so did not load properly.
 Error: /shared/centos7/gcc/7.2.0/lib64/libstdc++.so.6: version `GLIBCXX_3.4.26' not found (required by /home/blais.ch/.conda/envs/rmg_julia_env/lib/openbabel/3.1.0/lpmdformat.so)
==============================
*** Open Babel Error  in openLib
  /home/blais.ch/.conda/envs/rmg_julia_env/lib/openbabel/3.1.0/cifformat.so did not load properly.
 Error: /shared/centos7/gcc/7.2.0/lib64/libstdc++.so.6: version `GLIBCXX_3.4.26' not found (required by /home/blais.ch/.conda/envs/rmg_julia_env/lib/openbabel/3.1.0/cifformat.so)
==============================
*** Open Babel Error  in openLib
  /home/blais.ch/.conda/envs/rmg_julia_env/lib/openbabel/3.1.0/smilesformat.so did not load properly.
 Error: /shared/centos7/gcc/7.2.0/lib64/libstdc++.so.6: version `GLIBCXX_3.4.26' not found (required by /home/blais.ch/.conda/envs/rmg_julia_env/lib/openbabel/3.1.0/smilesformat.so)
==============================
*** Open Babel Error  in openLib
  /home/blais.ch/.conda/envs/rmg_julia_env/lib/openbabel/3.1.0/pdbformat.so did not load properly.
 Error: /shared/centos7/gcc/7.2.0/lib64/libstdc++.so.6: version `GLIBCXX_3.4.26' not found (required by /home/blais.ch/.conda/envs/rmg_julia_env/lib/openbabel/3.1.0/pdbformat.so)
==============================
*** Open Babel Error  in openLib
  /home/blais.ch/.conda/envs/rmg_julia_env/lib/openbabel/3.1.0/mdlformat.so did not load properly.
 Error: /shared/centos7/gcc/7.2.0/lib64/libstdc++.so.6: version `GLIBCXX_3.4.26' not found (required by /home/blais.ch/.conda/envs/rmg_julia_env/lib/openbabel/3.1.0/mdlformat.so)
Traceback (most recent call last):
  File "/home/blais.ch/.conda/envs/rmg_julia_env/lib/python3.7/site-packages/julia/pseudo_python_cli.py", line 308, in main
    python(**vars(ns))
  File "/home/blais.ch/.conda/envs/rmg_julia_env/lib/python3.7/site-packages/julia/pseudo_python_cli.py", line 59, in python
    scope = runpy.run_path(script, run_name="__main__")
  File "/home/blais.ch/.conda/envs/rmg_julia_env/lib/python3.7/runpy.py", line 263, in run_path
    pkg_name=pkg_name, script_name=fname)
  File "/home/blais.ch/.conda/envs/rmg_julia_env/lib/python3.7/runpy.py", line 96, in _run_module_code
    mod_name, mod_spec, pkg_name, script_name)
  File "/home/blais.ch/.conda/envs/rmg_julia_env/lib/python3.7/runpy.py", line 85, in _run_code
    exec(code, run_globals)
  File "/home/blais.ch/_02_RMG_envs/RMG_julia_env/RMG-Py/rmg.py", line 118, in <module>
    main()
  File "/home/blais.ch/_02_RMG_envs/RMG_julia_env/RMG-Py/rmg.py", line 112, in main
    rmg.execute(**kwargs)
  File "/home/blais.ch/_02_RMG_envs/RMG_julia_env/RMG-Py/rmgpy/rmg/main.py", line 712, in execute
    self.initialize(**kwargs)
  File "/home/blais.ch/_02_RMG_envs/RMG_julia_env/RMG-Py/rmgpy/rmg/main.py", line 482, in initialize
    self.load_input(self.input_file)
  File "/home/blais.ch/_02_RMG_envs/RMG_julia_env/RMG-Py/rmgpy/rmg/main.py", line 257, in load_input
    read_input_file(path, self)
  File "/home/blais.ch/_02_RMG_envs/RMG_julia_env/RMG-Py/rmgpy/rmg/input.py", line 1140, in read_input_file
    f = open(full_path)
FileNotFoundError: [Errno 2] No such file or directory: '/work/westgroup/ChrisB/_01_MeOH_repos/meOH-synthesis/input.py'
==============================
*** Open Babel Error  in openLib
  /home/blais.ch/.conda/envs/rmg_julia_env/lib/openbabel/3.1.0/cmlformat.so did not load properly.
 Error: /shared/centos7/gcc/7.2.0/lib64/libstdc++.so.6: version `GLIBCXX_3.4.26' not found (required by /home/blais.ch/.conda/envs/rmg_julia_env/lib/openbabel/3.1.0/cmlformat.so)
==============================
*** Open Babel Error  in openLib
  /home/blais.ch/.conda/envs/rmg_julia_env/lib/openbabel/3.1.0/pubchemjsonformat.so did not load properly.
 Error: /shared/centos7/gcc/7.2.0/lib64/libstdc++.so.6: version `GLIBCXX_3.4.26' not found (required by /home/blais.ch/.conda/envs/rmg_julia_env/lib/openbabel/3.1.0/pubchemjsonformat.so)
==============================
*** Open Babel Error  in openLib
  /home/blais.ch/.conda/envs/rmg_julia_env/lib/openbabel/3.1.0/lpmdformat.so did not load properly.
 Error: /shared/centos7/gcc/7.2.0/lib64/libstdc++.so.6: version `GLIBCXX_3.4.26' not found (required by /home/blais.ch/.conda/envs/rmg_julia_env/lib/openbabel/3.1.0/lpmdformat.so)
==============================
*** Open Babel Error  in openLib
  /home/blais.ch/.conda/envs/rmg_julia_env/lib/openbabel/3.1.0/cifformat.so did not load properly.
 Error: /shared/centos7/gcc/7.2.0/lib64/libstdc++.so.6: version `GLIBCXX_3.4.26' not found (required by /home/blais.ch/.conda/envs/rmg_julia_env/lib/openbabel/3.1.0/cifformat.so)
==============================
*** Open Babel Error  in openLib
  /home/blais.ch/.conda/envs/rmg_julia_env/lib/openbabel/3.1.0/smilesformat.so did not load properly.
 Error: /shared/centos7/gcc/7.2.0/lib64/libstdc++.so.6: version `GLIBCXX_3.4.26' not found (required by /home/blais.ch/.conda/envs/rmg_julia_env/lib/openbabel/3.1.0/smilesformat.so)
==============================
*** Open Babel Error  in openLib
  /home/blais.ch/.conda/envs/rmg_julia_env/lib/openbabel/3.1.0/pdbformat.so did not load properly.
 Error: /shared/centos7/gcc/7.2.0/lib64/libstdc++.so.6: version `GLIBCXX_3.4.26' not found (required by /home/blais.ch/.conda/envs/rmg_julia_env/lib/openbabel/3.1.0/pdbformat.so)
==============================
*** Open Babel Error  in openLib
  /home/blais.ch/.conda/envs/rmg_julia_env/lib/openbabel/3.1.0/mdlformat.so did not load properly.
 Error: /shared/centos7/gcc/7.2.0/lib64/libstdc++.so.6: version `GLIBCXX_3.4.26' not found (required by /home/blais.ch/.conda/envs/rmg_julia_env/lib/openbabel/3.1.0/mdlformat.so)
:root:Moving /work/westgroup/ChrisB/_01_MeOH_repos/meOH-synthesis/RMG.log to /work/westgroup/ChrisB/_01_MeOH_repos/meOH-synthesis/RMG_backup.log

Traceback (most recent call last):
  File "/home/blais.ch/.conda/envs/rmg_julia_env/lib/python3.7/site-packages/julia/pseudo_python_cli.py", line 308, in main
    python(**vars(ns))
  File "/home/blais.ch/.conda/envs/rmg_julia_env/lib/python3.7/site-packages/julia/pseudo_python_cli.py", line 59, in python
    scope = runpy.run_path(script, run_name="__main__")
  File "/home/blais.ch/.conda/envs/rmg_julia_env/lib/python3.7/runpy.py", line 263, in run_path
    pkg_name=pkg_name, script_name=fname)
  File "/home/blais.ch/.conda/envs/rmg_julia_env/lib/python3.7/runpy.py", line 96, in _run_module_code
    mod_name, mod_spec, pkg_name, script_name)
  File "/home/blais.ch/.conda/envs/rmg_julia_env/lib/python3.7/runpy.py", line 85, in _run_code
    exec(code, run_globals)
  File "/home/blais.ch/_02_RMG_envs/RMG_julia_env/RMG-Py/rmg.py", line 118, in <module>
    main()
  File "/home/blais.ch/_02_RMG_envs/RMG_julia_env/RMG-Py/rmg.py", line 112, in main
    rmg.execute(**kwargs)
  File "/home/blais.ch/_02_RMG_envs/RMG_julia_env/RMG-Py/rmgpy/rmg/main.py", line 712, in execute
    self.initialize(**kwargs)
  File "/home/blais.ch/_02_RMG_envs/RMG_julia_env/RMG-Py/rmgpy/rmg/main.py", line 482, in initialize
    self.load_input(self.input_file)
  File "/home/blais.ch/_02_RMG_envs/RMG_julia_env/RMG-Py/rmgpy/rmg/main.py", line 257, in load_input
    read_input_file(path, self)
  File "/home/blais.ch/_02_RMG_envs/RMG_julia_env/RMG-Py/rmgpy/rmg/input.py", line 1140, in read_input_file
    f = open(full_path)
FileNotFoundError: [Errno 2] No such file or directory: '/work/westgroup/ChrisB/_01_MeOH_repos/meOH-synthesis/input.py'
==============================
*** Open Babel Error  in openLib
  /home/blais.ch/.conda/envs/rmg_julia_env/lib/openbabel/3.1.0/cmlformat.so did not load properly.
 Error: /shared/centos7/gcc/7.2.0/lib64/libstdc++.so.6: version `GLIBCXX_3.4.26' not found (required by /home/blais.ch/.conda/envs/rmg_julia_env/lib/openbabel/3.1.0/cmlformat.so)
==============================
*** Open Babel Error  in openLib
  /home/blais.ch/.conda/envs/rmg_julia_env/lib/openbabel/3.1.0/pubchemjsonformat.so did not load properly.
 Error: /shared/centos7/gcc/7.2.0/lib64/libstdc++.so.6: version `GLIBCXX_3.4.26' not found (required by /home/blais.ch/.conda/envs/rmg_julia_env/lib/openbabel/3.1.0/pubchemjsonformat.so)
==============================
*** Open Babel Error  in openLib
  /home/blais.ch/.conda/envs/rmg_julia_env/lib/openbabel/3.1.0/lpmdformat.so did not load properly.
 Error: /shared/centos7/gcc/7.2.0/lib64/libstdc++.so.6: version `GLIBCXX_3.4.26' not found (required by /home/blais.ch/.conda/envs/rmg_julia_env/lib/openbabel/3.1.0/lpmdformat.so)
==============================
*** Open Babel Error  in openLib
  /home/blais.ch/.conda/envs/rmg_julia_env/lib/openbabel/3.1.0/cifformat.so did not load properly.
 Error: /shared/centos7/gcc/7.2.0/lib64/libstdc++.so.6: version `GLIBCXX_3.4.26' not found (required by /home/blais.ch/.conda/envs/rmg_julia_env/lib/openbabel/3.1.0/cifformat.so)
==============================
*** Open Babel Error  in openLib
  /home/blais.ch/.conda/envs/rmg_julia_env/lib/openbabel/3.1.0/smilesformat.so did not load properly.
 Error: /shared/centos7/gcc/7.2.0/lib64/libstdc++.so.6: version `GLIBCXX_3.4.26' not found (required by /home/blais.ch/.conda/envs/rmg_julia_env/lib/openbabel/3.1.0/smilesformat.so)
==============================
*** Open Babel Error  in openLib
  /home/blais.ch/.conda/envs/rmg_julia_env/lib/openbabel/3.1.0/pdbformat.so did not load properly.
 Error: /shared/centos7/gcc/7.2.0/lib64/libstdc++.so.6: version `GLIBCXX_3.4.26' not found (required by /home/blais.ch/.conda/envs/rmg_julia_env/lib/openbabel/3.1.0/pdbformat.so)
==============================
*** Open Babel Error  in openLib
  /home/blais.ch/.conda/envs/rmg_julia_env/lib/openbabel/3.1.0/mdlformat.so did not load properly.
 Error: /shared/centos7/gcc/7.2.0/lib64/libstdc++.so.6: version `GLIBCXX_3.4.26' not found (required by /home/blais.ch/.conda/envs/rmg_julia_env/lib/openbabel/3.1.0/mdlformat.so)
:root:Removing old /work/westgroup/ChrisB/_01_MeOH_repos/meOH-synthesis/RMG_backup.log
:root:Moving /work/westgroup/ChrisB/_01_MeOH_repos/meOH-synthesis/RMG.log to /work/westgroup/ChrisB/_01_MeOH_repos/meOH-synthesis/RMG_backup.log

Traceback (most recent call last):
  File "/home/blais.ch/.conda/envs/rmg_julia_env/lib/python3.7/site-packages/julia/pseudo_python_cli.py", line 308, in main
    python(**vars(ns))
  File "/home/blais.ch/.conda/envs/rmg_julia_env/lib/python3.7/site-packages/julia/pseudo_python_cli.py", line 59, in python
    scope = runpy.run_path(script, run_name="__main__")
  File "/home/blais.ch/.conda/envs/rmg_julia_env/lib/python3.7/runpy.py", line 263, in run_path
    pkg_name=pkg_name, script_name=fname)
  File "/home/blais.ch/.conda/envs/rmg_julia_env/lib/python3.7/runpy.py", line 96, in _run_module_code
    mod_name, mod_spec, pkg_name, script_name)
  File "/home/blais.ch/.conda/envs/rmg_julia_env/lib/python3.7/runpy.py", line 85, in _run_code
    exec(code, run_globals)
  File "/home/blais.ch/_02_RMG_envs/RMG_julia_env/RMG-Py/rmg.py", line 118, in <module>
    main()
  File "/home/blais.ch/_02_RMG_envs/RMG_julia_env/RMG-Py/rmg.py", line 112, in main
    rmg.execute(**kwargs)
  File "/home/blais.ch/_02_RMG_envs/RMG_julia_env/RMG-Py/rmgpy/rmg/main.py", line 712, in execute
    self.initialize(**kwargs)
  File "/home/blais.ch/_02_RMG_envs/RMG_julia_env/RMG-Py/rmgpy/rmg/main.py", line 482, in initialize
    self.load_input(self.input_file)
  File "/home/blais.ch/_02_RMG_envs/RMG_julia_env/RMG-Py/rmgpy/rmg/main.py", line 257, in load_input
    read_input_file(path, self)
  File "/home/blais.ch/_02_RMG_envs/RMG_julia_env/RMG-Py/rmgpy/rmg/input.py", line 1140, in read_input_file
    f = open(full_path)
FileNotFoundError: [Errno 2] No such file or directory: '/work/westgroup/ChrisB/_01_MeOH_repos/meOH-synthesis/input.py'
==============================
*** Open Babel Error  in openLib
  /home/blais.ch/.conda/envs/rmg_julia_env/lib/openbabel/3.1.0/cmlformat.so did not load properly.
 Error: /shared/centos7/gcc/7.2.0/lib64/libstdc++.so.6: version `GLIBCXX_3.4.26' not found (required by /home/blais.ch/.conda/envs/rmg_julia_env/lib/openbabel/3.1.0/cmlformat.so)
==============================
*** Open Babel Error  in openLib
  /home/blais.ch/.conda/envs/rmg_julia_env/lib/openbabel/3.1.0/pubchemjsonformat.so did not load properly.
 Error: /shared/centos7/gcc/7.2.0/lib64/libstdc++.so.6: version `GLIBCXX_3.4.26' not found (required by /home/blais.ch/.conda/envs/rmg_julia_env/lib/openbabel/3.1.0/pubchemjsonformat.so)
==============================
*** Open Babel Error  in openLib
  /home/blais.ch/.conda/envs/rmg_julia_env/lib/openbabel/3.1.0/lpmdformat.so did not load properly.
 Error: /shared/centos7/gcc/7.2.0/lib64/libstdc++.so.6: version `GLIBCXX_3.4.26' not found (required by /home/blais.ch/.conda/envs/rmg_julia_env/lib/openbabel/3.1.0/lpmdformat.so)
==============================
*** Open Babel Error  in openLib
  /home/blais.ch/.conda/envs/rmg_julia_env/lib/openbabel/3.1.0/cifformat.so did not load properly.
 Error: /shared/centos7/gcc/7.2.0/lib64/libstdc++.so.6: version `GLIBCXX_3.4.26' not found (required by /home/blais.ch/.conda/envs/rmg_julia_env/lib/openbabel/3.1.0/cifformat.so)
==============================
*** Open Babel Error  in openLib
  /home/blais.ch/.conda/envs/rmg_julia_env/lib/openbabel/3.1.0/smilesformat.so did not load properly.
 Error: /shared/centos7/gcc/7.2.0/lib64/libstdc++.so.6: version `GLIBCXX_3.4.26' not found (required by /home/blais.ch/.conda/envs/rmg_julia_env/lib/openbabel/3.1.0/smilesformat.so)
==============================
*** Open Babel Error  in openLib
  /home/blais.ch/.conda/envs/rmg_julia_env/lib/openbabel/3.1.0/pdbformat.so did not load properly.
 Error: /shared/centos7/gcc/7.2.0/lib64/libstdc++.so.6: version `GLIBCXX_3.4.26' not found (required by /home/blais.ch/.conda/envs/rmg_julia_env/lib/openbabel/3.1.0/pdbformat.so)
==============================
*** Open Babel Error  in openLib
  /home/blais.ch/.conda/envs/rmg_julia_env/lib/openbabel/3.1.0/mdlformat.so did not load properly.
 Error: /shared/centos7/gcc/7.2.0/lib64/libstdc++.so.6: version `GLIBCXX_3.4.26' not found (required by /home/blais.ch/.conda/envs/rmg_julia_env/lib/openbabel/3.1.0/mdlformat.so)
:root:Removing old /work/westgroup/ChrisB/_01_MeOH_repos/meOH-synthesis/RMG_backup.log
:root:Moving /work/westgroup/ChrisB/_01_MeOH_repos/meOH-synthesis/RMG.log to /work/westgroup/ChrisB/_01_MeOH_repos/meOH-synthesis/RMG_backup.log

Traceback (most recent call last):
  File "/home/blais.ch/.conda/envs/rmg_julia_env/lib/python3.7/site-packages/julia/pseudo_python_cli.py", line 308, in main
    python(**vars(ns))
  File "/home/blais.ch/.conda/envs/rmg_julia_env/lib/python3.7/site-packages/julia/pseudo_python_cli.py", line 59, in python
    scope = runpy.run_path(script, run_name="__main__")
  File "/home/blais.ch/.conda/envs/rmg_julia_env/lib/python3.7/runpy.py", line 263, in run_path
    pkg_name=pkg_name, script_name=fname)
  File "/home/blais.ch/.conda/envs/rmg_julia_env/lib/python3.7/runpy.py", line 96, in _run_module_code
    mod_name, mod_spec, pkg_name, script_name)
  File "/home/blais.ch/.conda/envs/rmg_julia_env/lib/python3.7/runpy.py", line 85, in _run_code
    exec(code, run_globals)
  File "/home/blais.ch/_02_RMG_envs/RMG_julia_env/RMG-Py/rmg.py", line 118, in <module>
    main()
  File "/home/blais.ch/_02_RMG_envs/RMG_julia_env/RMG-Py/rmg.py", line 112, in main
    rmg.execute(**kwargs)
  File "/home/blais.ch/_02_RMG_envs/RMG_julia_env/RMG-Py/rmgpy/rmg/main.py", line 712, in execute
    self.initialize(**kwargs)
  File "/home/blais.ch/_02_RMG_envs/RMG_julia_env/RMG-Py/rmgpy/rmg/main.py", line 482, in initialize
    self.load_input(self.input_file)
  File "/home/blais.ch/_02_RMG_envs/RMG_julia_env/RMG-Py/rmgpy/rmg/main.py", line 257, in load_input
    read_input_file(path, self)
  File "/home/blais.ch/_02_RMG_envs/RMG_julia_env/RMG-Py/rmgpy/rmg/input.py", line 1140, in read_input_file
    f = open(full_path)
FileNotFoundError: [Errno 2] No such file or directory: '/work/westgroup/ChrisB/_01_MeOH_repos/meOH-synthesis/input.py'
==============================
*** Open Babel Error  in openLib
  /home/blais.ch/.conda/envs/rmg_julia_env/lib/openbabel/3.1.0/cmlformat.so did not load properly.
 Error: /shared/centos7/gcc/7.2.0/lib64/libstdc++.so.6: version `GLIBCXX_3.4.26' not found (required by /home/blais.ch/.conda/envs/rmg_julia_env/lib/openbabel/3.1.0/cmlformat.so)
==============================
*** Open Babel Error  in openLib
  /home/blais.ch/.conda/envs/rmg_julia_env/lib/openbabel/3.1.0/pubchemjsonformat.so did not load properly.
 Error: /shared/centos7/gcc/7.2.0/lib64/libstdc++.so.6: version `GLIBCXX_3.4.26' not found (required by /home/blais.ch/.conda/envs/rmg_julia_env/lib/openbabel/3.1.0/pubchemjsonformat.so)
==============================
*** Open Babel Error  in openLib
  /home/blais.ch/.conda/envs/rmg_julia_env/lib/openbabel/3.1.0/lpmdformat.so did not load properly.
 Error: /shared/centos7/gcc/7.2.0/lib64/libstdc++.so.6: version `GLIBCXX_3.4.26' not found (required by /home/blais.ch/.conda/envs/rmg_julia_env/lib/openbabel/3.1.0/lpmdformat.so)
==============================
*** Open Babel Error  in openLib
  /home/blais.ch/.conda/envs/rmg_julia_env/lib/openbabel/3.1.0/cifformat.so did not load properly.
 Error: /shared/centos7/gcc/7.2.0/lib64/libstdc++.so.6: version `GLIBCXX_3.4.26' not found (required by /home/blais.ch/.conda/envs/rmg_julia_env/lib/openbabel/3.1.0/cifformat.so)
==============================
*** Open Babel Error  in openLib
  /home/blais.ch/.conda/envs/rmg_julia_env/lib/openbabel/3.1.0/smilesformat.so did not load properly.
 Error: /shared/centos7/gcc/7.2.0/lib64/libstdc++.so.6: version `GLIBCXX_3.4.26' not found (required by /home/blais.ch/.conda/envs/rmg_julia_env/lib/openbabel/3.1.0/smilesformat.so)
==============================
*** Open Babel Error  in openLib
  /home/blais.ch/.conda/envs/rmg_julia_env/lib/openbabel/3.1.0/pdbformat.so did not load properly.
 Error: /shared/centos7/gcc/7.2.0/lib64/libstdc++.so.6: version `GLIBCXX_3.4.26' not found (required by /home/blais.ch/.conda/envs/rmg_julia_env/lib/openbabel/3.1.0/pdbformat.so)
==============================
*** Open Babel Error  in openLib
  /home/blais.ch/.conda/envs/rmg_julia_env/lib/openbabel/3.1.0/mdlformat.so did not load properly.
 Error: /shared/centos7/gcc/7.2.0/lib64/libstdc++.so.6: version `GLIBCXX_3.4.26' not found (required by /home/blais.ch/.conda/envs/rmg_julia_env/lib/openbabel/3.1.0/mdlformat.so)
:root:Removing old /work/westgroup/ChrisB/_01_MeOH_repos/meOH-synthesis/RMG_backup.log
:root:Moving /work/westgroup/ChrisB/_01_MeOH_repos/meOH-synthesis/RMG.log to /work/westgroup/ChrisB/_01_MeOH_repos/meOH-synthesis/RMG_backup.log

Traceback (most recent call last):
  File "/home/blais.ch/.conda/envs/rmg_julia_env/lib/python3.7/site-packages/julia/pseudo_python_cli.py", line 308, in main
    python(**vars(ns))
  File "/home/blais.ch/.conda/envs/rmg_julia_env/lib/python3.7/site-packages/julia/pseudo_python_cli.py", line 59, in python
    scope = runpy.run_path(script, run_name="__main__")
  File "/home/blais.ch/.conda/envs/rmg_julia_env/lib/python3.7/runpy.py", line 263, in run_path
    pkg_name=pkg_name, script_name=fname)
  File "/home/blais.ch/.conda/envs/rmg_julia_env/lib/python3.7/runpy.py", line 96, in _run_module_code
    mod_name, mod_spec, pkg_name, script_name)
  File "/home/blais.ch/.conda/envs/rmg_julia_env/lib/python3.7/runpy.py", line 85, in _run_code
    exec(code, run_globals)
  File "/home/blais.ch/_02_RMG_envs/RMG_julia_env/RMG-Py/rmg.py", line 118, in <module>
    main()
  File "/home/blais.ch/_02_RMG_envs/RMG_julia_env/RMG-Py/rmg.py", line 112, in main
    rmg.execute(**kwargs)
  File "/home/blais.ch/_02_RMG_envs/RMG_julia_env/RMG-Py/rmgpy/rmg/main.py", line 712, in execute
    self.initialize(**kwargs)
  File "/home/blais.ch/_02_RMG_envs/RMG_julia_env/RMG-Py/rmgpy/rmg/main.py", line 482, in initialize
    self.load_input(self.input_file)
  File "/home/blais.ch/_02_RMG_envs/RMG_julia_env/RMG-Py/rmgpy/rmg/main.py", line 257, in load_input
    read_input_file(path, self)
  File "/home/blais.ch/_02_RMG_envs/RMG_julia_env/RMG-Py/rmgpy/rmg/input.py", line 1140, in read_input_file
    f = open(full_path)
FileNotFoundError: [Errno 2] No such file or directory: '/work/westgroup/ChrisB/_01_MeOH_repos/meOH-synthesis/input.py'
==============================
*** Open Babel Error  in openLib
  /home/blais.ch/.conda/envs/rmg_julia_env/lib/openbabel/3.1.0/cmlformat.so did not load properly.
 Error: /shared/centos7/gcc/7.2.0/lib64/libstdc++.so.6: version `GLIBCXX_3.4.26' not found (required by /home/blais.ch/.conda/envs/rmg_julia_env/lib/openbabel/3.1.0/cmlformat.so)
==============================
*** Open Babel Error  in openLib
  /home/blais.ch/.conda/envs/rmg_julia_env/lib/openbabel/3.1.0/pubchemjsonformat.so did not load properly.
 Error: /shared/centos7/gcc/7.2.0/lib64/libstdc++.so.6: version `GLIBCXX_3.4.26' not found (required by /home/blais.ch/.conda/envs/rmg_julia_env/lib/openbabel/3.1.0/pubchemjsonformat.so)
==============================
*** Open Babel Error  in openLib
  /home/blais.ch/.conda/envs/rmg_julia_env/lib/openbabel/3.1.0/lpmdformat.so did not load properly.
 Error: /shared/centos7/gcc/7.2.0/lib64/libstdc++.so.6: version `GLIBCXX_3.4.26' not found (required by /home/blais.ch/.conda/envs/rmg_julia_env/lib/openbabel/3.1.0/lpmdformat.so)
==============================
*** Open Babel Error  in openLib
  /home/blais.ch/.conda/envs/rmg_julia_env/lib/openbabel/3.1.0/cifformat.so did not load properly.
 Error: /shared/centos7/gcc/7.2.0/lib64/libstdc++.so.6: version `GLIBCXX_3.4.26' not found (required by /home/blais.ch/.conda/envs/rmg_julia_env/lib/openbabel/3.1.0/cifformat.so)
==============================
*** Open Babel Error  in openLib
  /home/blais.ch/.conda/envs/rmg_julia_env/lib/openbabel/3.1.0/smilesformat.so did not load properly.
 Error: /shared/centos7/gcc/7.2.0/lib64/libstdc++.so.6: version `GLIBCXX_3.4.26' not found (required by /home/blais.ch/.conda/envs/rmg_julia_env/lib/openbabel/3.1.0/smilesformat.so)
==============================
*** Open Babel Error  in openLib
  /home/blais.ch/.conda/envs/rmg_julia_env/lib/openbabel/3.1.0/pdbformat.so did not load properly.
 Error: /shared/centos7/gcc/7.2.0/lib64/libstdc++.so.6: version `GLIBCXX_3.4.26' not found (required by /home/blais.ch/.conda/envs/rmg_julia_env/lib/openbabel/3.1.0/pdbformat.so)
==============================
*** Open Babel Error  in openLib
  /home/blais.ch/.conda/envs/rmg_julia_env/lib/openbabel/3.1.0/mdlformat.so did not load properly.
 Error: /shared/centos7/gcc/7.2.0/lib64/libstdc++.so.6: version `GLIBCXX_3.4.26' not found (required by /home/blais.ch/.conda/envs/rmg_julia_env/lib/openbabel/3.1.0/mdlformat.so)
:root:Removing old /work/westgroup/ChrisB/_01_MeOH_repos/meOH-synthesis/RMG_backup.log
:root:Moving /work/westgroup/ChrisB/_01_MeOH_repos/meOH-synthesis/RMG.log to /work/westgroup/ChrisB/_01_MeOH_repos/meOH-synthesis/RMG_backup.log

Traceback (most recent call last):
  File "/home/blais.ch/.conda/envs/rmg_julia_env/lib/python3.7/site-packages/julia/pseudo_python_cli.py", line 308, in main
    python(**vars(ns))
  File "/home/blais.ch/.conda/envs/rmg_julia_env/lib/python3.7/site-packages/julia/pseudo_python_cli.py", line 59, in python
    scope = runpy.run_path(script, run_name="__main__")
  File "/home/blais.ch/.conda/envs/rmg_julia_env/lib/python3.7/runpy.py", line 263, in run_path
    pkg_name=pkg_name, script_name=fname)
  File "/home/blais.ch/.conda/envs/rmg_julia_env/lib/python3.7/runpy.py", line 96, in _run_module_code
    mod_name, mod_spec, pkg_name, script_name)
  File "/home/blais.ch/.conda/envs/rmg_julia_env/lib/python3.7/runpy.py", line 85, in _run_code
    exec(code, run_globals)
  File "/home/blais.ch/_02_RMG_envs/RMG_julia_env/RMG-Py/rmg.py", line 118, in <module>
    main()
  File "/home/blais.ch/_02_RMG_envs/RMG_julia_env/RMG-Py/rmg.py", line 112, in main
    rmg.execute(**kwargs)
  File "/home/blais.ch/_02_RMG_envs/RMG_julia_env/RMG-Py/rmgpy/rmg/main.py", line 712, in execute
    self.initialize(**kwargs)
  File "/home/blais.ch/_02_RMG_envs/RMG_julia_env/RMG-Py/rmgpy/rmg/main.py", line 482, in initialize
    self.load_input(self.input_file)
  File "/home/blais.ch/_02_RMG_envs/RMG_julia_env/RMG-Py/rmgpy/rmg/main.py", line 257, in load_input
    read_input_file(path, self)
  File "/home/blais.ch/_02_RMG_envs/RMG_julia_env/RMG-Py/rmgpy/rmg/input.py", line 1140, in read_input_file
    f = open(full_path)
FileNotFoundError: [Errno 2] No such file or directory: '/work/westgroup/ChrisB/_01_MeOH_repos/meOH-synthesis/input.py'
