:root:Removing old /work/westgroup/ChrisB/meoh-synthesis_RMG/meOH-synthesis/base/RMG_backup.log
:root:Moving /work/westgroup/ChrisB/meoh-synthesis_RMG/meOH-synthesis/base/RMG.log to /work/westgroup/ChrisB/meoh-synthesis_RMG/meOH-synthesis/base/RMG_backup.log

/home/blais.ch/.conda/envs/rmg_env/lib/python3.7/site-packages/scipy/optimize/optimize.py:1847: LinAlgWarning: Ill-conditioned matrix (rcond=9.79183e-18): result may not be accurate.
  fu = func(x, *args)
/home/blais.ch/.conda/envs/rmg_env/lib/python3.7/site-packages/scipy/optimize/optimize.py:1847: LinAlgWarning: Ill-conditioned matrix (rcond=5.9437e-17): result may not be accurate.
  fu = func(x, *args)
Traceback (most recent call last):
  File "/home/blais.ch/RMG_Base_env/RMG-Py/rmg.py", line 118, in <module>
    main()
  File "/home/blais.ch/RMG_Base_env/RMG-Py/rmg.py", line 100, in main
    rmg_profiler.runctx(command, global_vars, local_vars)
  File "/home/blais.ch/.conda/envs/rmg_env/lib/python3.7/cProfile.py", line 100, in runctx
    exec(cmd, globals, locals)
  File "<string>", line 1, in <module>
  File "/home/blais.ch/RMG_Base_env/RMG-Py/rmgpy/rmg/main.py", line 733, in execute
    trimolecular_react=self.trimolecular_react)
  File "/home/blais.ch/RMG_Base_env/RMG-Py/rmgpy/rmg/model.py", line 599, in enlarge
    procnum=procnum)
  File "/home/blais.ch/RMG_Base_env/RMG-Py/rmgpy/rmg/react.py", line 172, in react_all
    return react(spc_fam_tuples, procnum), [fam_tuple[0] for fam_tuple in spc_fam_tuples]
  File "/home/blais.ch/RMG_Base_env/RMG-Py/rmgpy/rmg/react.py", line 66, in react
    reactions = list(map(_react_species_star, spc_fam_tuples))
  File "/home/blais.ch/RMG_Base_env/RMG-Py/rmgpy/rmg/react.py", line 79, in _react_species_star
    return react_species(*args)
  File "/home/blais.ch/RMG_Base_env/RMG-Py/rmgpy/rmg/react.py", line 94, in react_species
    reactions = get_db('kinetics').generate_reactions_from_families(species_tuple, only_families=only_families)
  File "/home/blais.ch/RMG_Base_env/RMG-Py/rmgpy/data/kinetics/database.py", line 534, in generate_reactions_from_families
    prod_resonance=resonance))
  File "/home/blais.ch/RMG_Base_env/RMG-Py/rmgpy/data/kinetics/database.py", line 561, in react_molecules
    prod_resonance=prod_resonance))
  File "/home/blais.ch/RMG_Base_env/RMG-Py/rmgpy/data/kinetics/family.py", line 1763, in generate_reactions
    self._generate_reactions(reactants, products=products, forward=False, prod_resonance=prod_resonance))
  File "/home/blais.ch/RMG_Base_env/RMG-Py/rmgpy/data/kinetics/family.py", line 2314, in _generate_reactions
    reaction.template = self.get_reaction_template_labels(reaction)
  File "/home/blais.ch/RMG_Base_env/RMG-Py/rmgpy/data/kinetics/family.py", line 2678, in get_reaction_template_labels
    template = self.get_reaction_template(reaction)
  File "/home/blais.ch/RMG_Base_env/RMG-Py/rmgpy/data/kinetics/family.py", line 2499, in get_reaction_template
    return self.groups.get_reaction_template(reaction)
  File "/home/blais.ch/RMG_Base_env/RMG-Py/rmgpy/data/kinetics/groups.py", line 198, in get_reaction_template
    raise UndeterminableKineticsError(reaction, message=msg)
rmgpy.exceptions.UndeterminableKineticsError: (TemplateReaction(reactants=[Molecule(smiles="[CH]=O.[Pt]"), Molecule(smiles="[Pt]O[Pt]")], products=[Molecule(smiles="[Pt]"), Molecule(smiles="[Pt]O[CH]O[Pt]")], pairs=[[Molecule(smiles="[CH]=O.[Pt]"), Molecule(smiles="[Pt]O[CH]O[Pt]")], [Molecule(smiles="[Pt]O[Pt]"), Molecule(smiles="[Pt]O[CH]O[Pt]")]], family='Surface_Addition_Single_vdW'), 'Kinetics could not be determined. Unable to find matching template for reaction <Molecule "[CH]=O.[Pt]"> + <Molecule "[Pt]O[Pt]"> <=> <Molecule "[Pt]"> + <Molecule "[Pt]O[CH]O[Pt]"> in reaction family <KineticsGroups "Surface_Addition_Single_vdW/groups">.Trying to match [<Entry index=1 label="AdsorbateVdW">, <Entry index=2 label="Adsorbate1">] but matched [<Entry index=4 label="O*">]')
