Global RMG Settings:
   database.directory   = /home/blais.ch/RMG_Base_env/RMG-database/input (Default, relative to RMG-Py source code)
   test_data.directory  = /home/blais.ch/RMG_Base_env/RMG-Py/rmgpy/test_data (Default, relative to RMG-Py source code)
Running under cProfile
RMG execution initiated at Thu Mar  4 10:41:29 2021

#########################################################
# RMG-Py - Reaction Mechanism Generator in Python       #
# Version: 3.0.0                                        #
# Authors: RMG Developers (rmg_dev@mit.edu)             #
# P.I.s:   William H. Green (whgreen@mit.edu)           #
#          Richard H. West (r.west@neu.edu)             #
# Website: http://reactionmechanismgenerator.github.io/ #
#########################################################

The current git HEAD for RMG-Py is:
	b'a5594029d3c55f5904aef6710f7026c3e8a9eab5'
	b'Mon Feb 1 16:21:03 2021 -0500'

The current git HEAD for RMG-database is:
	b'3c39305247e2018970bb1680380437cf09941969'
	b'Mon Feb 1 16:07:26 2021 -0500'

Reading input file "/work/westgroup/ChrisB/meoh-synthesis_RMG/meOH-synthesis/base/input.py"...
# Running on current commits 13feb2021 for 
# RMG-Py: Meoh2 
# RMG-Database: Meoh

# Data sources
database(
    thermoLibraries=['surfaceThermoPt111', 'primaryThermoLibrary', 'thermo_DFT_CCSDTF12_BAC','DFT_QCI_thermo'],
    reactionLibraries = ['BurkeH2O2inArHe','BurkeH2O2inN2','Surface/Deutschmann_Ni'],
    seedMechanisms = [],
    kineticsDepositories = ['training'],
    kineticsFamilies =['surface','default'],
    kineticsEstimator = 'rate rules',
)

catalystProperties( # default values for Cu(111) calculated by Katrin Blondal and Bjarne Kreitz at Brown University
    bindingEnergies = {
                       'C':(-4.96033553, 'eV/molecule'),
                       'O':(-4.20763879, 'eV/molecule'),
                       'N':(-3.58446699, 'eV/molecule'),
                       'H':(-2.58383235, 'eV/molecule'),
                       },
    surfaceSiteDensity=(2.943e-9, 'mol/cm^2'),  # from Katrin
)
# catalystProperties( # Rh111
#     bindingEnergies = {
#                        'C':(-6.568, 'eV/molecule'),
#                        'O':(-4.610, 'eV/molecule'),
#                        'N':(-4.352, 'eV/molecule'),
#                        'H':(-2.479, 'eV/molecule'),
#                        },
#     surfaceSiteDensity=(2.72e-9, 'mol/cm^2'),
# )

# List of species
species(
    label='X',
    reactive=True,
    structure=adjacencyList("1 X u0"),
)

species(
    label='N2',
    reactive=False,
    structure=SMILES("N#N"),
)

species(
    label='H2',
    reactive=True,
    structure=SMILES("[H][H]"),
)

species(
    label='CO',
    reactive=True,
    structure=SMILES("[C-]#[O+]"),
)

species(
    label='CO2',
    reactive=True,
    structure=SMILES("O=C=O"),
)

species(
    label='H2O',
    reactive=True,
    structure=SMILES("O"),
)

species(
    label='CH2O',
    reactive=True,
    structure=SMILES("C=O"),
)

species(
    label='HCOOH',
    reactive=True,
    structure=SMILES("O=CO"),
)

species(
    label='CH3OH',
    reactive=True,
    structure=SMILES("CO"),
)

species(
    label='HCOOCH3',
    reactive=True,
    structure=SMILES("O=COC"),
)

species(
   label='H*',
   reactive=True,
   structure=adjacencyList(
       """
1 H u0 p0 c0 {2,S}
2 X u0 p0 c0 {1,S}
"""),
)

species(
   label='O*',
   reactive=True,
   structure=adjacencyList(
       """
1 O u0 p2 c0 {2,D}
2 X u0 p0 c0 {1,D}
"""),
)

species(
   label='OH*',
   reactive=True,
   structure=adjacencyList(
       """
1 O u0 p2 c0 {2,S} {3,S}
2 H u0 p0 c0 {1,S}
3 X u0 p0 c0 {1,S}
"""),
)

species(
   label='H2O*',
   reactive=True,
   structure=adjacencyList(
       """
1 O u0 p2 c0 {2,S} {3,S}
2 H u0 p0 c0 {1,S}
3 H u0 p0 c0 {1,S}
4 X u0 p0 c0
"""),
)

species(
   label='CO*',
   reactive=True,
   structure=adjacencyList(
       """
1 O u0 p2 c0 {2,D}
2 C u0 p0 c0 {1,D} {3,D}
3 X u0 p0 c0 {2,D}
"""),
)

species(
   label='CO2*',
   reactive=True,
   structure=adjacencyList(
       """
1 O u0 p2 c0 {3,D}
2 O u0 p2 c0 {3,D}
3 C u0 p0 c0 {1,D} {2,D}
4 X u0 p0 c0
"""),
)

# species(
#    label='CO3*',
#    reactive=True,
#    structure=adjacencyList(
#        """
#
# """),
# )

# species(
#    label='HCO3*',
#    reactive=True,
#    structure=adjacencyList(
#        """

# """),
# )

species(
   label='HCO*',
   reactive=True,
   structure=adjacencyList(
       """
1 O u0 p2 c0 {2,D}
2 C u0 p0 c0 {1,D} {3,S} {4,S}
3 H u0 p0 c0 {2,S}
4 X u0 p0 c0 {2,S}
"""),
)

# species(
#    label='COH*',
#    reactive=True,
#    structure=adjacencyList(
#        """
#
# """),
# )

# species(
#    label='HCOH*',
#    reactive=True,
#    structure=adjacencyList(
#        """
# 1 O u0 p2 c0 {2,S} {4,S}
# 2 C u0 p0 c0 {1,S} {3,S} {5,D}
# 3 H u0 p0 c0 {2,S}
# 4 H u0 p0 c0 {1,S}
# 5 X u0 p0 c0 {2,D}
# """),
# )

# HCOO in grabow is bidentate so i'll represent it that way. this is singly bound
# species(
#    label='HCOO*',
#    reactive=True,
#    structure=adjacencyList(
#        """
# 1 O u0 p2 c0 {3,S} {5,S}
# 2 O u0 p2 c0 {3,D}
# 3 C u0 p0 c0 {1,S} {2,D} {4,S}
# 4 H u0 p0 c0 {3,S}
# 5 X u0 p0 c0 {1,S}
# """),
# )

# HCOO as grabow represents it. I do not have their weird resonance structure though:
#     H
#     C
#    / \
#   O   O
#__||__||____resonant 1.5 bond b/w O and X
#
species(
   label='HCOO*',
   reactive=True,
   structure=adjacencyList(
       """
1 O u0 p2 c0 {2,S} {5,S}
2 C u1 p0 c0 {1,S} {3,S} {4,S}
3 O u0 p2 c0 {2,S} {6,S}
4 H u0 p0 c0 {2,S}
5 X u0 p0 c0 {1,S}
6 X u0 p0 c0 {3,S}
"""),
)


# species(
#    label='H2CO2*',
#    reactive=True,
#    structure=adjacencyList(
#        """
#
# """),
# )

species(
   label='COOH*',
   reactive=True,
   structure=adjacencyList(
       """
1 O u0 p2 c0 {3,S} {4,S}
2 O u0 p2 c0 {3,D}
3 C u0 p0 c0 {1,S} {2,D} {5,S}
4 H u0 p0 c0 {1,S}
5 X u0 p0 c0 {3,S}
"""),
)

species(
   label='HCOOH*',
   reactive=True,
   structure=adjacencyList(
       """
1 O u0 p2 c0 {2,S} {4,S}
2 C u1 p0 c0 {1,S} {3,S} {5,S}
3 O u0 p2 c0 {2,S} {6,S}
4 H u0 p0 c0 {1,S}
5 H u0 p0 c0 {2,S}
6 X u0 p0 c0 {3,S}
"""),
)

species(
   label='CH2O*',
   reactive=True,
   structure=adjacencyList(
       """
1 O u0 p2 c0 {2,D}
2 C u0 p0 c0 {1,D} {3,S} {4,S}
3 H u0 p0 c0 {2,S}
4 H u0 p0 c0 {2,S}
5 X u0 p0 c0
"""),
)

species(
   label='CH3O*',
   reactive=True,
   structure=adjacencyList(
       """
1 O u0 p2 c0 {2,S} {6,S}
2 C u0 p0 c0 {1,S} {3,S} {4,S} {5,S}
3 H u0 p0 c0 {2,S}
4 H u0 p0 c0 {2,S}
5 H u0 p0 c0 {2,S}
6 X u0 p0 c0 {1,S}
"""),
)

# species(
#    label='CH2OH*',
#    reactive=True,
#    structure=adjacencyList(
#        """
# 1 O u0 p2 c0 {2,S} {5,S}
# 2 C u0 p0 c0 {1,S} {3,S} {4,S} {6,S}
# 3 H u0 p0 c0 {2,S}
# 4 H u0 p0 c0 {2,S}
# 5 H u0 p0 c0 {1,S}
# 6 X u0 p0 c0 {2,S}
# """),
# )

species(
   label='CH3O2*',
   reactive=True,
   structure=adjacencyList(
       """
1 O u0 p2 c0 {3,S} {6,S}
2 O u0 p2 c0 {3,S} {7,S}
3 C u0 p0 c0 {1,S} {2,S} {4,S} {5,S}
4 H u0 p0 c0 {3,S}
5 H u0 p0 c0 {3,S}
6 H u0 p0 c0 {1,S}
7 X u0 p0 c0 {2,S}
"""),
)

species(
   label='CH3OH*',
   reactive=True,
   structure=adjacencyList(
       """
 1 O u0 p2 c0 {2,S} {6,S}
2 C u0 p0 c0 {1,S} {3,S} {4,S} {5,S}
3 H u0 p0 c0 {2,S}
4 H u0 p0 c0 {2,S}
5 H u0 p0 c0 {2,S}
6 H u0 p0 c0 {1,S}
7 X u0 p0 c0
"""),
)

# species(
#    label='HCOOCH3*',
#    reactive=True,
#    structure=adjacencyList(
#        """
# """),
# )

# species(
#    label='H2COOCH3*',
#    reactive=True,
#    structure=adjacencyList(
#        """
#
# """),
# )

#----------
# Reaction systems
surfaceReactor(
    temperature=[(400,'K'),(700, 'K')],
    initialPressure=(15.0, 'bar'),
    nSims = 4,
    initialGasMoleFractions={
        "CO": 0.0,
        "CO2": 0.776,
        "H2": 0.7669,
        "N2": 0.1555,
    },
    initialSurfaceCoverages={
        "X": 1.0,
    },
    surfaceVolumeRatio=(1.e5, 'm^-1'),
    terminationConversion = { "CO2":0.99,},
    terminationTime=(10., 's'),
    terminationRateRatio=0.01
)

surfaceReactor(
    temperature=[(400,'K'),(700, 'K')],
    initialPressure=(76.0, 'bar'),
    nSims = 4,
    initialGasMoleFractions={
        "CO": 0.0,
        "CO2": 0.776,
        "H2": 0.7669,
        "N2": 0.1555,
    },
    initialSurfaceCoverages={
        "X": 1.0,
    },
    surfaceVolumeRatio=(1.e5, 'm^-1'),
    terminationConversion = { "CO2":0.99,},
    terminationTime=(10., 's'),
    terminationRateRatio=0.01
)

surfaceReactor(
    temperature=[(400,'K'),(700, 'K')],
    initialPressure=(15.0, 'bar'),
    nSims = 4,
    initialGasMoleFractions={
        "CO": 0.2019,
        "CO2": 0.0,
        "H2": 0.6424,
        "N2": 0.1557,
    },
    initialSurfaceCoverages={
        "X": 1.0,
    },
    surfaceVolumeRatio=(1.e5, 'm^-1'),
    terminationConversion = { "CO":0.99,},
    terminationTime=(10., 's'),
    terminationRateRatio=0.01
)

surfaceReactor(
    temperature=[(400,'K'),(700, 'K')],
    initialPressure=(76.0, 'bar'),
    nSims = 4,
    initialGasMoleFractions={
        "CO": 0.2019,
        "CO2": 0.0,
        "H2": 0.6424,
        "N2": 0.1557,
    },
    initialSurfaceCoverages={
        "X": 1.0,
    },
    surfaceVolumeRatio=(1.e5, 'm^-1'),
    terminationConversion = { "CO":0.99,},
    terminationTime=(10., 's'),
    terminationRateRatio=0.01
)

# adding in reactor at 15 and 75 bar with all starting species present because why not. 
surfaceReactor(
    temperature=[(400,'K'),(700, 'K')],
    initialPressure=(15.0, 'bar'),
    nSims = 4,
    initialGasMoleFractions={
        "CO": 0.2,
        "CO2": 0.2,
        "H2": 0.2,
        "H2O": 0.2,
        "N2": 0.1,
    },
    initialSurfaceCoverages={
        "X": 1.0,
    },
    surfaceVolumeRatio=(1.e5, 'm^-1'),
    terminationConversion = { "CO":0.99,},
    terminationTime=(10., 's'),
    terminationRateRatio=0.01
)

surfaceReactor(
    temperature=[(400,'K'),(700, 'K')],
    initialPressure=(76.0, 'bar'),
    nSims = 4,
    initialGasMoleFractions={
        "CO": 0.2,
        "CO2": 0.2,
        "H2": 0.2,
        "H2O": 0.2,
        "N2": 0.1,
    },
    initialSurfaceCoverages={
        "X": 1.0,
    },
    surfaceVolumeRatio=(1.e5, 'm^-1'),
    terminationConversion = { "CO":0.99,},
    terminationTime=(10., 's'),
    terminationRateRatio=0.01
)

simulator(
    atol=1e-18,
    rtol=1e-12,
)

model(
    toleranceKeepInEdge=0.0,
    toleranceMoveToCore=1e-5,
# inturrupt tolerance was 0.1 wout pruning, 1e8 w pruning on
    toleranceInterruptSimulation=1e-5,
    maximumEdgeSpecies=500000,
# PRUNING: uncomment to prune
#    minCoreSizeForPrune=50,
# prune before simulation based on thermo
#    toleranceThermoKeepSpeciesInEdge=0.5,
# prune rxns from edge that dont move into core
#    minSpeciesExistIterationsForPrune=2,
# FILTERING: set so threshold is slightly larger than max rate constants
#    filterReactions=True,
#    filterThreshold=5e8, # default value
)

options(
    units='si',
    saveRestartPeriod=None,
    generateOutputHTML=True,
    generatePlots=False,
    # generateLabeledReactions=True, # using labelreactions branch, to get a list of labeled reactions
    saveEdgeSpecies=True,
    saveSimulationProfiles=True,
)

generatedSpeciesConstraints(
    allowed=['input species','reaction libraries'],
#    maximumRadicalElectrons=2,
#    maximumCarbonAtoms=12,
)

Using binding energies:
{'C': (-4.96034,'eV/molecule'), 'H': (-2.58383,'eV/molecule'), 'O': (-4.20764,'eV/molecule'), 'N': (-3.58447,'eV/molecule')}
Using surface site density: (2.943e-09,'mol/cm^2')
Warning: Initial gas mole fractions do not sum to one; renormalizing.


Surface reaction system 1
Gas phase mole fractions:
  CO                   0
  CO2                  0.4569
  H2                   0.45154
  N2                   0.091557
Total gas phase:          1 moles
Pressure:                 1.5e+06 Pa
Temperature:              0.0 K
Reactor volume:           0 m3
Surface/volume ratio:     1e+05 m2/m3
Surface site density:     2.94e-05 mol/m2
Surface sites in reactor: 0 moles
Initial surface coverages (and amounts):
  X                  1 = 0 moles
Warning: Initial gas mole fractions do not sum to one; renormalizing.


Surface reaction system 2
Gas phase mole fractions:
  CO                   0
  CO2                  0.4569
  H2                   0.45154
  N2                   0.091557
Total gas phase:          1 moles
Pressure:                 7.6e+06 Pa
Temperature:              0.0 K
Reactor volume:           0 m3
Surface/volume ratio:     1e+05 m2/m3
Surface site density:     2.94e-05 mol/m2
Surface sites in reactor: 0 moles
Initial surface coverages (and amounts):
  X                  1 = 0 moles

Surface reaction system 3
Gas phase mole fractions:
  CO                   0.2019
  CO2                  0
  H2                   0.6424
  N2                   0.1557
Total gas phase:          1 moles
Pressure:                 1.5e+06 Pa
Temperature:              0.0 K
Reactor volume:           0 m3
Surface/volume ratio:     1e+05 m2/m3
Surface site density:     2.94e-05 mol/m2
Surface sites in reactor: 0 moles
Initial surface coverages (and amounts):
  X                  1 = 0 moles

Surface reaction system 4
Gas phase mole fractions:
  CO                   0.2019
  CO2                  0
  H2                   0.6424
  N2                   0.1557
Total gas phase:          1 moles
Pressure:                 7.6e+06 Pa
Temperature:              0.0 K
Reactor volume:           0 m3
Surface/volume ratio:     1e+05 m2/m3
Surface site density:     2.94e-05 mol/m2
Surface sites in reactor: 0 moles
Initial surface coverages (and amounts):
  X                  1 = 0 moles
Warning: Initial gas mole fractions do not sum to one; renormalizing.


Surface reaction system 5
Gas phase mole fractions:
  CO                   0.22222
  CO2                  0.22222
  H2                   0.22222
  H2O                  0.22222
  N2                   0.11111
Total gas phase:          1 moles
Pressure:                 1.5e+06 Pa
Temperature:              0.0 K
Reactor volume:           0 m3
Surface/volume ratio:     1e+05 m2/m3
Surface site density:     2.94e-05 mol/m2
Surface sites in reactor: 0 moles
Initial surface coverages (and amounts):
  X                  1 = 0 moles
Warning: Initial gas mole fractions do not sum to one; renormalizing.


Surface reaction system 6
Gas phase mole fractions:
  CO                   0.22222
  CO2                  0.22222
  H2                   0.22222
  H2O                  0.22222
  N2                   0.11111
Total gas phase:          1 moles
Pressure:                 7.6e+06 Pa
Temperature:              0.0 K
Reactor volume:           0 m3
Surface/volume ratio:     1e+05 m2/m3
Surface site density:     2.94e-05 mol/m2
Surface sites in reactor: 0 moles
Initial surface coverages (and amounts):
  X                  1 = 0 moles
Warning: Generate Output HTML option was turned on. Note that this will slow down model generation.
Warning: Edge species saving was turned on. This will slow down model generation for large simulations.

Loading thermodynamics library from surfaceThermoPt111.py in /home/blais.ch/RMG_Base_env/RMG-database/input/thermo/libraries...
Loading thermodynamics library from primaryThermoLibrary.py in /home/blais.ch/RMG_Base_env/RMG-database/input/thermo/libraries...
Loading thermodynamics library from thermo_DFT_CCSDTF12_BAC.py in /home/blais.ch/RMG_Base_env/RMG-database/input/thermo/libraries...
Loading thermodynamics library from DFT_QCI_thermo.py in /home/blais.ch/RMG_Base_env/RMG-database/input/thermo/libraries...
Loading thermodynamics group database from /home/blais.ch/RMG_Base_env/RMG-database/input/thermo/groups...
Loading transport library from PrimaryTransportLibrary.py in /home/blais.ch/RMG_Base_env/RMG-database/input/transport/libraries...
Loading transport library from GRI-Mech.py in /home/blais.ch/RMG_Base_env/RMG-database/input/transport/libraries...
Loading transport library from NOx2018.py in /home/blais.ch/RMG_Base_env/RMG-database/input/transport/libraries...
Loading transport library from OneDMinN2.py in /home/blais.ch/RMG_Base_env/RMG-database/input/transport/libraries...
Loading transport group database from /home/blais.ch/RMG_Base_env/RMG-database/input/transport/groups...
Loading kinetics library BurkeH2O2inArHe from /home/blais.ch/RMG_Base_env/RMG-database/input/kinetics/libraries/BurkeH2O2inArHe/reactions.py...
Loading kinetics library BurkeH2O2inN2 from /home/blais.ch/RMG_Base_env/RMG-database/input/kinetics/libraries/BurkeH2O2inN2/reactions.py...
Loading kinetics library Surface/Deutschmann_Ni from /home/blais.ch/RMG_Base_env/RMG-database/input/kinetics/libraries/Surface/Deutschmann_Ni/reactions.py...
Loading frequencies group database from /home/blais.ch/RMG_Base_env/RMG-database/input/statmech/groups...
Loading Platts additivity group database from /home/blais.ch/RMG_Base_env/RMG-database/input/solvation/groups...
Trimolecular reactions are turned on
Adding rate rules from training set in kinetics families...
Warning: Found multiple binding energies for 'Cu'. Using 'Cu111'.
Warning: Found multiple binding energies for 'Cu'. Using 'Cu111'.
Warning: Found multiple binding energies for 'Cu'. Using 'Cu111'.
Warning: Found multiple binding energies for 'Cu'. Using 'Cu111'.
Warning: Found multiple binding energies for 'Cu'. Using 'Cu111'.
Warning: Found multiple binding energies for 'Cu'. Using 'Cu111'.
Warning: Found multiple binding energies for 'Cu'. Using 'Cu111'.
Warning: Found multiple binding energies for 'Cu'. Using 'Cu111'.
Warning: Found multiple binding energies for 'Cu'. Using 'Cu111'.
Warning: Found multiple binding energies for 'Cu'. Using 'Cu111'.
Warning: Found multiple binding energies for 'Cu'. Using 'Cu111'.
Warning: Found multiple binding energies for 'Cu'. Using 'Cu111'.
Warning: Cphigh is above the theoretical CpInf value for ThermoData object
ThermoData(Tdata=([300,400,500,600,800,1000,1500],'K'), Cpdata=([12.5,14.58,16.07,17.22,18.87,19.96,21.35],'cal/(mol*K)'), H298=(-69.7872,'kcal/mol'), S298=(27.26,'cal/(mol*K)'), Cp0=(33.2579,'J/(mol*K)'), CpInf=(83.1447,'J/(mol*K)'), label="""formyloxyX""", comment="""Gas phase thermo from Thermo library: thermo_DFT_CCSDTF12_BAC. Adsorption correction: + Thermo group additivity estimation: adsorptionPt111(O-*R) Binding energy corrected by LSR (0.50O) from Pt111""").
The thermo for this species is probably wrong! Setting CpInf = Cphigh for Entropy calculationat T = 2000.0 K...
Warning: Cphigh is above the theoretical CpInf value for ThermoData object
ThermoData(Tdata=([300,400,500,600,800,1000,1500],'K'), Cpdata=([11.54,14.52,16.98,18.92,21.57,23.27,25.39],'cal/(mol*K)'), H298=(-96.43,'kcal/mol'), S298=(26.4,'cal/(mol*K)'), Cp0=(33.2579,'J/(mol*K)'), CpInf=(103.931,'J/(mol*K)'), label="""formic_acidX""", comment="""Gas phase thermo from Thermo library: thermo_DFT_CCSDTF12_BAC. Adsorption correction: + Thermo group additivity estimation: adsorptionPt111((CR2NR)*) Binding energy corrected by LSR () from Pt111""").
The thermo for this species is probably wrong! Setting CpInf = Cphigh for Entropy calculationat T = 2000.0 K...
Warning: Cphigh is above the theoretical CpInf value for ThermoData object
ThermoData(Tdata=([300,400,500,600,800,1000,1500],'K'), Cpdata=([12.5,14.58,16.07,17.22,18.87,19.96,21.35],'cal/(mol*K)'), H298=(-69.7872,'kcal/mol'), S298=(27.26,'cal/(mol*K)'), Cp0=(33.2579,'J/(mol*K)'), CpInf=(83.1447,'J/(mol*K)'), label="""formyloxyX""", comment="""Gas phase thermo from Thermo library: thermo_DFT_CCSDTF12_BAC. Adsorption correction: + Thermo group additivity estimation: adsorptionPt111(O-*R) Binding energy corrected by LSR (0.50O) from Pt111""").
The thermo for this species is probably wrong! Setting CpInf = Cphigh for Entropy calculationat T = 1666.6666666666665 K...
Warning: Cphigh is above the theoretical CpInf value for ThermoData object
ThermoData(Tdata=([300,400,500,600,800,1000,1500],'K'), Cpdata=([11.54,14.52,16.98,18.92,21.57,23.27,25.39],'cal/(mol*K)'), H298=(-96.43,'kcal/mol'), S298=(26.4,'cal/(mol*K)'), Cp0=(33.2579,'J/(mol*K)'), CpInf=(103.931,'J/(mol*K)'), label="""formic_acidX""", comment="""Gas phase thermo from Thermo library: thermo_DFT_CCSDTF12_BAC. Adsorption correction: + Thermo group additivity estimation: adsorptionPt111((CR2NR)*) Binding energy corrected by LSR () from Pt111""").
The thermo for this species is probably wrong! Setting CpInf = Cphigh for Entropy calculationat T = 1666.6666666666665 K...
Warning: Found multiple binding energies for 'Cu'. Using 'Cu111'.
Warning: Found multiple binding energies for 'Cu'. Using 'Cu111'.
Warning: Found multiple binding energies for 'Cu'. Using 'Cu111'.
Warning: Found multiple binding energies for 'Cu'. Using 'Cu111'.
Warning: Found multiple binding energies for 'Cu'. Using 'Cu111'.
Warning: Found multiple binding energies for 'Cu'. Using 'Cu111'.
Warning: Found multiple binding energies for 'Cu'. Using 'Cu111'.
Warning: Found multiple binding energies for 'Cu'. Using 'Cu111'.
Warning: Cphigh is above the theoretical CpInf value for ThermoData object
ThermoData(Tdata=([300,400,500,600,800,1000,1500],'K'), Cpdata=([12.5,14.58,16.07,17.22,18.87,19.96,21.35],'cal/(mol*K)'), H298=(-69.7872,'kcal/mol'), S298=(27.26,'cal/(mol*K)'), Cp0=(33.2579,'J/(mol*K)'), CpInf=(83.1447,'J/(mol*K)'), label="""formyloxyX""", comment="""Gas phase thermo from Thermo library: thermo_DFT_CCSDTF12_BAC. Adsorption correction: + Thermo group additivity estimation: adsorptionPt111(O-*R) Binding energy corrected by LSR (0.50O) from Pt111""").
The thermo for this species is probably wrong! Setting CpInf = Cphigh for Entropy calculationat T = 2000.0 K...
Warning: Cphigh is above the theoretical CpInf value for ThermoData object
ThermoData(Tdata=([300,400,500,600,800,1000,1500],'K'), Cpdata=([12.5,14.58,16.07,17.22,18.87,19.96,21.35],'cal/(mol*K)'), H298=(-69.7872,'kcal/mol'), S298=(27.26,'cal/(mol*K)'), Cp0=(33.2579,'J/(mol*K)'), CpInf=(83.1447,'J/(mol*K)'), label="""formyloxyX""", comment="""Gas phase thermo from Thermo library: thermo_DFT_CCSDTF12_BAC. Adsorption correction: + Thermo group additivity estimation: adsorptionPt111(O-*R) Binding energy corrected by LSR (0.50O) from Pt111""").
The thermo for this species is probably wrong! Setting CpInf = Cphigh for Entropy calculationat T = 1666.6666666666665 K...
Warning: Found multiple binding energies for 'Cu'. Using 'Cu111'.
Warning: Found multiple binding energies for 'Cu'. Using 'Cu111'.
Warning: Found multiple binding energies for 'Cu'. Using 'Cu111'.
Warning: Found multiple binding energies for 'Cu'. Using 'Cu111'.
Warning: Cphigh is above the theoretical CpInf value for ThermoData object
ThermoData(Tdata=([300,400,500,600,800,1000,1500],'K'), Cpdata=([10.74,13.43,15.43,16.9,18.97,20.26,21.67],'cal/(mol*K)'), H298=(-73.536,'kcal/mol'), S298=(27.52,'cal/(mol*K)'), Cp0=(33.2579,'J/(mol*K)'), CpInf=(78.9875,'J/(mol*K)'), label="""HOCOX""", comment="""Gas phase thermo from Thermo library: thermo_DFT_CCSDTF12_BAC. Adsorption correction: + Thermo group additivity estimation: adsorptionPt111(C-*R3) Binding energy corrected by LSR (0.25C) from Pt111""").
The thermo for this species is probably wrong! Setting CpInf = Cphigh for Entropy calculationat T = 2000.0 K...
Warning: Cphigh is above the theoretical CpInf value for ThermoData object
ThermoData(Tdata=([300,400,500,600,800,1000,1500],'K'), Cpdata=([10.09,11.57,12.64,13.46,14.64,15.43,16.43],'cal/(mol*K)'), H298=(-87.45,'kcal/mol'), S298=(28.54,'cal/(mol*K)'), Cp0=(29.1007,'J/(mol*K)'), CpInf=(62.3585,'J/(mol*K)'), label="""CO2X""", comment="""Gas phase thermo from Thermo library: thermo_DFT_CCSDTF12_BAC. Adsorption correction: + Thermo group additivity estimation: adsorptionPt111(R*vdW) Binding energy corrected by LSR () from Pt111""").
The thermo for this species is probably wrong! Setting CpInf = Cphigh for Entropy calculationat T = 2000.0 K...
Warning: Cphigh is above the theoretical CpInf value for ThermoData object
ThermoData(Tdata=([300,400,500,600,800,1000,1500],'K'), Cpdata=([10.74,13.43,15.43,16.9,18.97,20.26,21.67],'cal/(mol*K)'), H298=(-73.536,'kcal/mol'), S298=(27.52,'cal/(mol*K)'), Cp0=(33.2579,'J/(mol*K)'), CpInf=(78.9875,'J/(mol*K)'), label="""HOCOX""", comment="""Gas phase thermo from Thermo library: thermo_DFT_CCSDTF12_BAC. Adsorption correction: + Thermo group additivity estimation: adsorptionPt111(C-*R3) Binding energy corrected by LSR (0.25C) from Pt111""").
The thermo for this species is probably wrong! Setting CpInf = Cphigh for Entropy calculationat T = 1666.6666666666665 K...
Warning: Cphigh is above the theoretical CpInf value for ThermoData object
ThermoData(Tdata=([300,400,500,600,800,1000,1500],'K'), Cpdata=([10.09,11.57,12.64,13.46,14.64,15.43,16.43],'cal/(mol*K)'), H298=(-87.45,'kcal/mol'), S298=(28.54,'cal/(mol*K)'), Cp0=(29.1007,'J/(mol*K)'), CpInf=(62.3585,'J/(mol*K)'), label="""CO2X""", comment="""Gas phase thermo from Thermo library: thermo_DFT_CCSDTF12_BAC. Adsorption correction: + Thermo group additivity estimation: adsorptionPt111(R*vdW) Binding energy corrected by LSR () from Pt111""").
The thermo for this species is probably wrong! Setting CpInf = Cphigh for Entropy calculationat T = 1666.6666666666665 K...
Warning: Found multiple binding energies for 'Cu'. Using 'Cu111'.
Warning: Found multiple binding energies for 'Cu'. Using 'Cu111'.
Warning: Found multiple binding energies for 'Cu'. Using 'Cu111'.
Warning: Found multiple binding energies for 'Cu'. Using 'Cu111'.
Warning: Found multiple binding energies for 'Pt'. Using 'Pt111'.
Warning: Found multiple binding energies for 'Pt'. Using 'Pt111'.
Warning: Found multiple binding energies for 'Pt'. Using 'Pt111'.
Warning: Found multiple binding energies for 'Pt'. Using 'Pt111'.
Warning: Cphigh is above the theoretical CpInf value for ThermoData object
ThermoData(Tdata=([300,400,500,600,800,1000,1500],'K'), Cpdata=([10.74,13.43,15.43,16.9,18.97,20.26,21.67],'cal/(mol*K)'), H298=(-85.44,'kcal/mol'), S298=(27.52,'cal/(mol*K)'), Cp0=(33.2579,'J/(mol*K)'), CpInf=(78.9875,'J/(mol*K)'), label="""HOCOX""", comment="""Gas phase thermo from Thermo library: thermo_DFT_CCSDTF12_BAC. Adsorption correction: + Thermo group additivity estimation: adsorptionPt111(C-*R3)""").
The thermo for this species is probably wrong! Setting CpInf = Cphigh for Entropy calculationat T = 2000.0 K...
Warning: Cphigh is above the theoretical CpInf value for ThermoData object
ThermoData(Tdata=([300,400,500,600,800,1000,1500],'K'), Cpdata=([10.74,13.43,15.43,16.9,18.97,20.26,21.67],'cal/(mol*K)'), H298=(-85.44,'kcal/mol'), S298=(27.52,'cal/(mol*K)'), Cp0=(33.2579,'J/(mol*K)'), CpInf=(78.9875,'J/(mol*K)'), label="""HOCOX""", comment="""Gas phase thermo from Thermo library: thermo_DFT_CCSDTF12_BAC. Adsorption correction: + Thermo group additivity estimation: adsorptionPt111(C-*R3)""").
The thermo for this species is probably wrong! Setting CpInf = Cphigh for Entropy calculationat T = 1666.6666666666665 K...
Warning: Found multiple binding energies for 'Cu'. Using 'Cu111'.
Warning: Found multiple binding energies for 'Cu'. Using 'Cu111'.
Warning: Found multiple binding energies for 'Cu'. Using 'Cu111'.
Warning: Found multiple binding energies for 'Cu'. Using 'Cu111'.
Warning: Cphigh is above the theoretical CpInf value for ThermoData object
ThermoData(Tdata=([300,400,500,600,800,1000,1500],'K'), Cpdata=([10.74,13.43,15.43,16.9,18.97,20.26,21.67],'cal/(mol*K)'), H298=(-73.536,'kcal/mol'), S298=(27.52,'cal/(mol*K)'), Cp0=(33.2579,'J/(mol*K)'), CpInf=(78.9875,'J/(mol*K)'), label="""HOCOX""", comment="""Gas phase thermo from Thermo library: thermo_DFT_CCSDTF12_BAC. Adsorption correction: + Thermo group additivity estimation: adsorptionPt111(C-*R3) Binding energy corrected by LSR (0.25C) from Pt111""").
The thermo for this species is probably wrong! Setting CpInf = Cphigh for Entropy calculationat T = 2000.0 K...
Warning: Cphigh is above the theoretical CpInf value for ThermoData object
ThermoData(Tdata=([300,400,500,600,800,1000,1500],'K'), Cpdata=([10.74,13.43,15.43,16.9,18.97,20.26,21.67],'cal/(mol*K)'), H298=(-73.536,'kcal/mol'), S298=(27.52,'cal/(mol*K)'), Cp0=(33.2579,'J/(mol*K)'), CpInf=(78.9875,'J/(mol*K)'), label="""HOCOX""", comment="""Gas phase thermo from Thermo library: thermo_DFT_CCSDTF12_BAC. Adsorption correction: + Thermo group additivity estimation: adsorptionPt111(C-*R3) Binding energy corrected by LSR (0.25C) from Pt111""").
The thermo for this species is probably wrong! Setting CpInf = Cphigh for Entropy calculationat T = 1666.6666666666665 K...
Warning: Found multiple binding energies for 'Ni'. Using 'Ni111'.
Warning: Found multiple binding energies for 'Ni'. Using 'Ni111'.
Warning: Found multiple binding energies for 'Ni'. Using 'Ni111'.
Warning: Found multiple binding energies for 'Ni'. Using 'Ni111'.
Warning: Found multiple binding energies for 'Ni'. Using 'Ni111'.
Warning: Found multiple binding energies for 'Ni'. Using 'Ni111'.
Warning: Found multiple binding energies for 'Ni'. Using 'Ni111'.
Warning: Found multiple binding energies for 'Ni'. Using 'Ni111'.
Warning: Found multiple binding energies for 'Ni'. Using 'Ni111'.
Warning: Found multiple binding energies for 'Ni'. Using 'Ni111'.
Warning: Found multiple binding energies for 'Ni'. Using 'Ni111'.
Warning: Found multiple binding energies for 'Ni'. Using 'Ni111'.
Warning: Found multiple binding energies for 'Cu'. Using 'Cu111'.
Warning: Found multiple binding energies for 'Cu'. Using 'Cu111'.
Warning: Found multiple binding energies for 'Cu'. Using 'Cu111'.
Warning: Found multiple binding energies for 'Cu'. Using 'Cu111'.
Warning: Found multiple binding energies for 'Cu'. Using 'Cu111'.
Warning: Found multiple binding energies for 'Cu'. Using 'Cu111'.
Warning: Found multiple binding energies for 'Cu'. Using 'Cu111'.
Warning: Found multiple binding energies for 'Cu'. Using 'Cu111'.
Warning: Found multiple binding energies for 'Cu'. Using 'Cu111'.
Warning: Found multiple binding energies for 'Cu'. Using 'Cu111'.
Warning: Found multiple binding energies for 'Cu'. Using 'Cu111'.
Warning: Found multiple binding energies for 'Cu'. Using 'Cu111'.
Warning: Cphigh is above the theoretical CpInf value for ThermoData object
ThermoData(Tdata=([300,400,500,600,800,1000,1500],'K'), Cpdata=([10.09,11.57,12.64,13.46,14.64,15.43,16.43],'cal/(mol*K)'), H298=(-87.45,'kcal/mol'), S298=(28.54,'cal/(mol*K)'), Cp0=(29.1007,'J/(mol*K)'), CpInf=(62.3585,'J/(mol*K)'), label="""CO2X""", comment="""Gas phase thermo from Thermo library: thermo_DFT_CCSDTF12_BAC. Adsorption correction: + Thermo group additivity estimation: adsorptionPt111(R*vdW) Binding energy corrected by LSR () from Pt111""").
The thermo for this species is probably wrong! Setting CpInf = Cphigh for Entropy calculationat T = 2000.0 K...
Warning: Cphigh is above the theoretical CpInf value for ThermoData object
ThermoData(Tdata=([300,400,500,600,800,1000,1500],'K'), Cpdata=([10.09,11.57,12.64,13.46,14.64,15.43,16.43],'cal/(mol*K)'), H298=(-87.45,'kcal/mol'), S298=(28.54,'cal/(mol*K)'), Cp0=(29.1007,'J/(mol*K)'), CpInf=(62.3585,'J/(mol*K)'), label="""CO2X""", comment="""Gas phase thermo from Thermo library: thermo_DFT_CCSDTF12_BAC. Adsorption correction: + Thermo group additivity estimation: adsorptionPt111(R*vdW) Binding energy corrected by LSR () from Pt111""").
The thermo for this species is probably wrong! Setting CpInf = Cphigh for Entropy calculationat T = 1666.6666666666665 K...
Warning: Found multiple binding energies for 'Cu'. Using 'Cu111'.
Warning: Found multiple binding energies for 'Cu'. Using 'Cu111'.
Warning: Found multiple binding energies for 'Cu'. Using 'Cu111'.
Warning: Found multiple binding energies for 'Cu'. Using 'Cu111'.
Warning: Cphigh is above the theoretical CpInf value for ThermoData object
ThermoData(Tdata=([300,400,500,600,800,1000,1500],'K'), Cpdata=([10.74,13.43,15.43,16.9,18.97,20.26,21.67],'cal/(mol*K)'), H298=(-73.536,'kcal/mol'), S298=(27.52,'cal/(mol*K)'), Cp0=(33.2579,'J/(mol*K)'), CpInf=(78.9875,'J/(mol*K)'), label="""HOCOX""", comment="""Gas phase thermo from Thermo library: thermo_DFT_CCSDTF12_BAC. Adsorption correction: + Thermo group additivity estimation: adsorptionPt111(C-*R3) Binding energy corrected by LSR (0.25C) from Pt111""").
The thermo for this species is probably wrong! Setting CpInf = Cphigh for Entropy calculationat T = 2000.0 K...
Warning: Cphigh is above the theoretical CpInf value for ThermoData object
ThermoData(Tdata=([300,400,500,600,800,1000,1500],'K'), Cpdata=([11.54,14.52,16.98,18.92,21.57,23.27,25.39],'cal/(mol*K)'), H298=(-96.43,'kcal/mol'), S298=(26.4,'cal/(mol*K)'), Cp0=(33.2579,'J/(mol*K)'), CpInf=(103.931,'J/(mol*K)'), label="""formic_acidX""", comment="""Gas phase thermo from Thermo library: thermo_DFT_CCSDTF12_BAC. Adsorption correction: + Thermo group additivity estimation: adsorptionPt111((CR2NR)*) Binding energy corrected by LSR () from Pt111""").
The thermo for this species is probably wrong! Setting CpInf = Cphigh for Entropy calculationat T = 2000.0 K...
Warning: Cphigh is above the theoretical CpInf value for ThermoData object
ThermoData(Tdata=([300,400,500,600,800,1000,1500],'K'), Cpdata=([10.74,13.43,15.43,16.9,18.97,20.26,21.67],'cal/(mol*K)'), H298=(-73.536,'kcal/mol'), S298=(27.52,'cal/(mol*K)'), Cp0=(33.2579,'J/(mol*K)'), CpInf=(78.9875,'J/(mol*K)'), label="""HOCOX""", comment="""Gas phase thermo from Thermo library: thermo_DFT_CCSDTF12_BAC. Adsorption correction: + Thermo group additivity estimation: adsorptionPt111(C-*R3) Binding energy corrected by LSR (0.25C) from Pt111""").
The thermo for this species is probably wrong! Setting CpInf = Cphigh for Entropy calculationat T = 1666.6666666666665 K...
Warning: Cphigh is above the theoretical CpInf value for ThermoData object
ThermoData(Tdata=([300,400,500,600,800,1000,1500],'K'), Cpdata=([11.54,14.52,16.98,18.92,21.57,23.27,25.39],'cal/(mol*K)'), H298=(-96.43,'kcal/mol'), S298=(26.4,'cal/(mol*K)'), Cp0=(33.2579,'J/(mol*K)'), CpInf=(103.931,'J/(mol*K)'), label="""formic_acidX""", comment="""Gas phase thermo from Thermo library: thermo_DFT_CCSDTF12_BAC. Adsorption correction: + Thermo group additivity estimation: adsorptionPt111((CR2NR)*) Binding energy corrected by LSR () from Pt111""").
The thermo for this species is probably wrong! Setting CpInf = Cphigh for Entropy calculationat T = 1666.6666666666665 K...
Warning: Found multiple binding energies for 'Cu'. Using 'Cu111'.
Warning: Found multiple binding energies for 'Cu'. Using 'Cu111'.
Warning: Found multiple binding energies for 'Cu'. Using 'Cu111'.
Warning: Found multiple binding energies for 'Cu'. Using 'Cu111'.
Warning: Cphigh is above the theoretical CpInf value for ThermoData object
ThermoData(Tdata=([300,400,500,600,800,1000,1500],'K'), Cpdata=([12.5,14.58,16.07,17.22,18.87,19.96,21.35],'cal/(mol*K)'), H298=(-69.7872,'kcal/mol'), S298=(27.26,'cal/(mol*K)'), Cp0=(33.2579,'J/(mol*K)'), CpInf=(83.1447,'J/(mol*K)'), label="""formyloxyX""", comment="""Gas phase thermo from Thermo library: thermo_DFT_CCSDTF12_BAC. Adsorption correction: + Thermo group additivity estimation: adsorptionPt111(O-*R) Binding energy corrected by LSR (0.50O) from Pt111""").
The thermo for this species is probably wrong! Setting CpInf = Cphigh for Entropy calculationat T = 2000.0 K...
Warning: Cphigh is above the theoretical CpInf value for ThermoData object
ThermoData(Tdata=([300,400,500,600,800,1000,1500],'K'), Cpdata=([11.54,14.52,16.98,18.92,21.57,23.27,25.39],'cal/(mol*K)'), H298=(-96.43,'kcal/mol'), S298=(26.4,'cal/(mol*K)'), Cp0=(33.2579,'J/(mol*K)'), CpInf=(103.931,'J/(mol*K)'), label="""formic_acidX""", comment="""Gas phase thermo from Thermo library: thermo_DFT_CCSDTF12_BAC. Adsorption correction: + Thermo group additivity estimation: adsorptionPt111((CR2NR)*) Binding energy corrected by LSR () from Pt111""").
The thermo for this species is probably wrong! Setting CpInf = Cphigh for Entropy calculationat T = 2000.0 K...
Warning: Cphigh is above the theoretical CpInf value for ThermoData object
ThermoData(Tdata=([300,400,500,600,800,1000,1500],'K'), Cpdata=([12.5,14.58,16.07,17.22,18.87,19.96,21.35],'cal/(mol*K)'), H298=(-69.7872,'kcal/mol'), S298=(27.26,'cal/(mol*K)'), Cp0=(33.2579,'J/(mol*K)'), CpInf=(83.1447,'J/(mol*K)'), label="""formyloxyX""", comment="""Gas phase thermo from Thermo library: thermo_DFT_CCSDTF12_BAC. Adsorption correction: + Thermo group additivity estimation: adsorptionPt111(O-*R) Binding energy corrected by LSR (0.50O) from Pt111""").
The thermo for this species is probably wrong! Setting CpInf = Cphigh for Entropy calculationat T = 1666.6666666666665 K...
Warning: Cphigh is above the theoretical CpInf value for ThermoData object
ThermoData(Tdata=([300,400,500,600,800,1000,1500],'K'), Cpdata=([11.54,14.52,16.98,18.92,21.57,23.27,25.39],'cal/(mol*K)'), H298=(-96.43,'kcal/mol'), S298=(26.4,'cal/(mol*K)'), Cp0=(33.2579,'J/(mol*K)'), CpInf=(103.931,'J/(mol*K)'), label="""formic_acidX""", comment="""Gas phase thermo from Thermo library: thermo_DFT_CCSDTF12_BAC. Adsorption correction: + Thermo group additivity estimation: adsorptionPt111((CR2NR)*) Binding energy corrected by LSR () from Pt111""").
The thermo for this species is probably wrong! Setting CpInf = Cphigh for Entropy calculationat T = 1666.6666666666665 K...
Warning: Found multiple binding energies for 'Cu'. Using 'Cu111'.
Warning: Found multiple binding energies for 'Cu'. Using 'Cu111'.
Warning: Found multiple binding energies for 'Cu'. Using 'Cu111'.
Warning: Found multiple binding energies for 'Cu'. Using 'Cu111'.
Warning: Found multiple binding energies for 'Cu'. Using 'Cu111'.
Warning: Found multiple binding energies for 'Cu'. Using 'Cu111'.
Warning: Found multiple binding energies for 'Cu'. Using 'Cu111'.
Warning: Found multiple binding energies for 'Cu'. Using 'Cu111'.
Warning: Found multiple binding energies for 'Cu'. Using 'Cu111'.
Warning: Found multiple binding energies for 'Cu'. Using 'Cu111'.
Warning: Found multiple binding energies for 'Cu'. Using 'Cu111'.
Warning: Found multiple binding energies for 'Cu'. Using 'Cu111'.
Warning: Found multiple binding energies for 'Cu'. Using 'Cu111'.
Warning: Found multiple binding energies for 'Cu'. Using 'Cu111'.
Warning: Found multiple binding energies for 'Cu'. Using 'Cu111'.
Warning: Found multiple binding energies for 'Cu'. Using 'Cu111'.
Warning: Cphigh is above the theoretical CpInf value for ThermoData object
ThermoData(Tdata=([300,400,500,600,800,1000,1500],'K'), Cpdata=([10.74,13.43,15.43,16.9,18.97,20.26,21.67],'cal/(mol*K)'), H298=(-73.536,'kcal/mol'), S298=(27.52,'cal/(mol*K)'), Cp0=(33.2579,'J/(mol*K)'), CpInf=(78.9875,'J/(mol*K)'), label="""HOCOX""", comment="""Gas phase thermo from Thermo library: thermo_DFT_CCSDTF12_BAC. Adsorption correction: + Thermo group additivity estimation: adsorptionPt111(C-*R3) Binding energy corrected by LSR (0.25C) from Pt111""").
The thermo for this species is probably wrong! Setting CpInf = Cphigh for Entropy calculationat T = 2000.0 K...
Warning: Cphigh is above the theoretical CpInf value for ThermoData object
ThermoData(Tdata=([300,400,500,600,800,1000,1500],'K'), Cpdata=([10.09,11.57,12.64,13.46,14.64,15.43,16.43],'cal/(mol*K)'), H298=(-87.45,'kcal/mol'), S298=(28.54,'cal/(mol*K)'), Cp0=(29.1007,'J/(mol*K)'), CpInf=(62.3585,'J/(mol*K)'), label="""CO2X""", comment="""Gas phase thermo from Thermo library: thermo_DFT_CCSDTF12_BAC. Adsorption correction: + Thermo group additivity estimation: adsorptionPt111(R*vdW) Binding energy corrected by LSR () from Pt111""").
The thermo for this species is probably wrong! Setting CpInf = Cphigh for Entropy calculationat T = 2000.0 K...
Warning: Cphigh is above the theoretical CpInf value for ThermoData object
ThermoData(Tdata=([300,400,500,600,800,1000,1500],'K'), Cpdata=([10.74,13.43,15.43,16.9,18.97,20.26,21.67],'cal/(mol*K)'), H298=(-73.536,'kcal/mol'), S298=(27.52,'cal/(mol*K)'), Cp0=(33.2579,'J/(mol*K)'), CpInf=(78.9875,'J/(mol*K)'), label="""HOCOX""", comment="""Gas phase thermo from Thermo library: thermo_DFT_CCSDTF12_BAC. Adsorption correction: + Thermo group additivity estimation: adsorptionPt111(C-*R3) Binding energy corrected by LSR (0.25C) from Pt111""").
The thermo for this species is probably wrong! Setting CpInf = Cphigh for Entropy calculationat T = 1666.6666666666665 K...
Warning: Cphigh is above the theoretical CpInf value for ThermoData object
ThermoData(Tdata=([300,400,500,600,800,1000,1500],'K'), Cpdata=([10.09,11.57,12.64,13.46,14.64,15.43,16.43],'cal/(mol*K)'), H298=(-87.45,'kcal/mol'), S298=(28.54,'cal/(mol*K)'), Cp0=(29.1007,'J/(mol*K)'), CpInf=(62.3585,'J/(mol*K)'), label="""CO2X""", comment="""Gas phase thermo from Thermo library: thermo_DFT_CCSDTF12_BAC. Adsorption correction: + Thermo group additivity estimation: adsorptionPt111(R*vdW) Binding energy corrected by LSR () from Pt111""").
The thermo for this species is probably wrong! Setting CpInf = Cphigh for Entropy calculationat T = 1666.6666666666665 K...
Filling in rate rules in kinetics families by averaging...
Adding reaction library BurkeH2O2inArHe to model edge...

Summary of Model Enlargement
---------------------------------
Added 0 new core species
Created 8 new edge species
    H(24)
    O2(25)
    O(26)
    OH(27)
    Ar(28)
    He(29)
    HO2(30)
    H2O2(31)
Added 0 new core reactions
Created 30 new edge reactions
    O2(25) + H(24) <=> O(26) + OH(27)
    O(26) + H2(2) <=> H(24) + OH(27)
    OH(27) + H2(2) <=> H(24) + H2O(5)
    OH(27) + OH(27) <=> O(26) + H2O(5)
    H2(2) <=> H(24) + H(24)
    Ar(28) + H2(2) <=> Ar(28) + H(24) + H(24)
    He(29) + H2(2) <=> He(29) + H(24) + H(24)
    O(26) + O(26) <=> O2(25)
    Ar(28) + O(26) + O(26) <=> Ar(28) + O2(25)
    He(29) + O(26) + O(26) <=> He(29) + O2(25)
    O(26) + H(24) <=> OH(27)
    H2O(5) <=> H(24) + OH(27)
    H2O(5) + H2O(5) <=> H(24) + OH(27) + H2O(5)
    O2(25) + H(24) <=> HO2(30)
    H(24) + HO2(30) <=> O2(25) + H2(2)
    H(24) + HO2(30) <=> OH(27) + OH(27)
    O(26) + HO2(30) <=> O2(25) + OH(27)
    OH(27) + HO2(30) <=> O2(25) + H2O(5)
    HO2(30) + HO2(30) <=> O2(25) + H2O2(31)
    H2O2(31) <=> OH(27) + OH(27)
    H(24) + H2O2(31) <=> OH(27) + H2O(5)
    H(24) + H2O2(31) <=> HO2(30) + H2(2)
    O(26) + H2O2(31) <=> OH(27) + HO2(30)
    OH(27) + H2O2(31) <=> HO2(30) + H2O(5)
    H(24) + HO2(30) <=> O(26) + H2O(5)
    H(24) + HO2(30) <=> H2O2(31)
    OH(27) + OH(27) <=> O2(25) + H2(2)
    O(26) + H2O(5) <=> O2(25) + H2(2)
    O(26) + H2O2(31) <=> O2(25) + H2O(5)
    O(26) + OH(27) <=> HO2(30)

After model enlargement:
    The model core has 0 species and 0 reactions
    The model edge has 32 species and 30 reactions

Adding reaction library BurkeH2O2inN2 to model edge...
This library reaction was not new: O2(25) + H(24) <=> O(26) + OH(27)
This library reaction was not new: O(26) + H2(2) <=> H(24) + OH(27)
This library reaction was not new: OH(27) + H2(2) <=> H(24) + H2O(5)
This library reaction was not new: OH(27) + OH(27) <=> O(26) + H2O(5)
This library reaction was not new: H2(2) <=> H(24) + H(24)
This library reaction was not new: Ar(28) + H2(2) <=> Ar(28) + H(24) + H(24)
This library reaction was not new: He(29) + H2(2) <=> He(29) + H(24) + H(24)
This library reaction was not new: O(26) + O(26) <=> O2(25)
This library reaction was not new: Ar(28) + O(26) + O(26) <=> Ar(28) + O2(25)
This library reaction was not new: He(29) + O(26) + O(26) <=> He(29) + O2(25)
This library reaction was not new: O(26) + H(24) <=> OH(27)
This library reaction was not new: H2O(5) <=> H(24) + OH(27)
This library reaction was not new: H2O(5) + H2O(5) <=> H(24) + OH(27) + H2O(5)
This library reaction was not new: O2(25) + H(24) <=> HO2(30)
This library reaction was not new: H(24) + HO2(30) <=> O2(25) + H2(2)
This library reaction was not new: H(24) + HO2(30) <=> OH(27) + OH(27)
This library reaction was not new: O(26) + HO2(30) <=> O2(25) + OH(27)
This library reaction was not new: OH(27) + HO2(30) <=> O2(25) + H2O(5)
This library reaction was not new: HO2(30) + HO2(30) <=> O2(25) + H2O2(31)
This library reaction was not new: H2O2(31) <=> OH(27) + OH(27)
This library reaction was not new: H(24) + H2O2(31) <=> OH(27) + H2O(5)
This library reaction was not new: H(24) + H2O2(31) <=> HO2(30) + H2(2)
This library reaction was not new: O(26) + H2O2(31) <=> OH(27) + HO2(30)
This library reaction was not new: OH(27) + H2O2(31) <=> HO2(30) + H2O(5)
This library reaction was not new: H(24) + HO2(30) <=> O(26) + H2O(5)
This library reaction was not new: H(24) + HO2(30) <=> H2O2(31)
This library reaction was not new: OH(27) + OH(27) <=> O2(25) + H2(2)
This library reaction was not new: O(26) + H2O(5) <=> O2(25) + H2(2)
This library reaction was not new: O(26) + H2O2(31) <=> O2(25) + H2O(5)
This library reaction was not new: O(26) + OH(27) <=> HO2(30)

Summary of Model Enlargement
---------------------------------
Added 0 new core species
Created 0 new edge species
Added 0 new core reactions
Created 0 new edge reactions

After model enlargement:
    The model core has 0 species and 0 reactions
    The model edge has 32 species and 30 reactions

Adding reaction library Surface/Deutschmann_Ni to model edge...

Summary of Model Enlargement
---------------------------------
Added 0 new core species
Created 2 new edge species
    CX(32)
    CHX(33)
Added 0 new core reactions
Created 8 new edge reactions
    X(1) + X(1) + H2(2) <=> H*(10) + H*(10)
    X(1) + X(1) + O2(25) <=> O*(11) + O*(11)
    X(1) + CO(3) <=> CO*(14)
    X(1) + CO*(14) <=> O*(11) + CX(32)
    OH*(12) + CX(32) <=> H*(10) + CO*(14)
    CO*(14) + CO*(14) <=> CX(32) + CO2*(15)
    O*(11) + CHX(33) <=> X(1) + HCO*(16)
    OH*(12) + HCO*(16) <=> H*(10) + COOH*(18)

After model enlargement:
    The model core has 0 species and 0 reactions
    The model edge has 34 species and 38 reactions

NOT generating reactions for unreactive species N2

Summary of Model Enlargement
---------------------------------
Added 1 new core species
    N2
Created 0 new edge species
Added 0 new core reactions
Created 0 new edge reactions

After model enlargement:
    The model core has 1 species and 0 reactions
    The model edge has 33 species and 38 reactions


NOT generating reactions for unreactive species Ne

Summary of Model Enlargement
---------------------------------
Added 1 new core species
    Ne
Created 0 new edge species
Added 0 new core reactions
Created 0 new edge reactions

After model enlargement:
    The model core has 2 species and 0 reactions
    The model edge has 33 species and 38 reactions


Adding species X(1) to model core

Summary of Model Enlargement
---------------------------------
Added 1 new core species
    X(1)
Created 0 new edge species
Added 0 new core reactions
Created 0 new edge reactions

After model enlargement:
    The model core has 3 species and 0 reactions
    The model edge has 32 species and 38 reactions


Adding species H2(2) to model core

Summary of Model Enlargement
---------------------------------
Added 1 new core species
    H2(2)
Created 0 new edge species
Added 0 new core reactions
Created 0 new edge reactions

After model enlargement:
    The model core has 4 species and 0 reactions
    The model edge has 31 species and 38 reactions


Adding species CO(3) to model core

Summary of Model Enlargement
---------------------------------
Added 1 new core species
    CO(3)
Created 0 new edge species
Added 0 new core reactions
Created 0 new edge reactions

After model enlargement:
    The model core has 5 species and 0 reactions
    The model edge has 30 species and 38 reactions


Adding species CO2(4) to model core

Summary of Model Enlargement
---------------------------------
Added 1 new core species
    CO2(4)
Created 0 new edge species
Added 0 new core reactions
Created 0 new edge reactions

After model enlargement:
    The model core has 6 species and 0 reactions
    The model edge has 29 species and 38 reactions


Adding species H2O(5) to model core

Summary of Model Enlargement
---------------------------------
Added 1 new core species
    H2O(5)
Created 0 new edge species
Added 0 new core reactions
Created 0 new edge reactions

After model enlargement:
    The model core has 7 species and 0 reactions
    The model edge has 28 species and 38 reactions


Adding species CH2O(6) to model core

Summary of Model Enlargement
---------------------------------
Added 1 new core species
    CH2O(6)
Created 0 new edge species
Added 0 new core reactions
Created 0 new edge reactions

After model enlargement:
    The model core has 8 species and 0 reactions
    The model edge has 27 species and 38 reactions


Adding species HCOOH(7) to model core

Summary of Model Enlargement
---------------------------------
Added 1 new core species
    HCOOH(7)
Created 0 new edge species
Added 0 new core reactions
Created 0 new edge reactions

After model enlargement:
    The model core has 9 species and 0 reactions
    The model edge has 26 species and 38 reactions


Adding species CH3OH(8) to model core

Summary of Model Enlargement
---------------------------------
Added 1 new core species
    CH3OH(8)
Created 0 new edge species
Added 0 new core reactions
Created 0 new edge reactions

After model enlargement:
    The model core has 10 species and 0 reactions
    The model edge has 25 species and 38 reactions


Adding species HCOOCH3(9) to model core

Summary of Model Enlargement
---------------------------------
Added 1 new core species
    HCOOCH3(9)
Created 0 new edge species
Added 0 new core reactions
Created 0 new edge reactions

After model enlargement:
    The model core has 11 species and 0 reactions
    The model edge has 24 species and 38 reactions


Adding species H*(10) to model core

Summary of Model Enlargement
---------------------------------
Added 1 new core species
    H*(10)
Created 0 new edge species
Moved 1 reactions from edge to core
    X(1) + X(1) + H2(2) <=> H*(10) + H*(10)
Added 0 new core reactions
Created 0 new edge reactions

After model enlargement:
    The model core has 12 species and 1 reactions
    The model edge has 23 species and 37 reactions


Adding species O*(11) to model core

Summary of Model Enlargement
---------------------------------
Added 1 new core species
    O*(11)
Created 0 new edge species
Added 0 new core reactions
Created 0 new edge reactions

After model enlargement:
    The model core has 13 species and 1 reactions
    The model edge has 22 species and 37 reactions


Adding species OH*(12) to model core

Summary of Model Enlargement
---------------------------------
Added 1 new core species
    OH*(12)
Created 0 new edge species
Added 0 new core reactions
Created 0 new edge reactions

After model enlargement:
    The model core has 14 species and 1 reactions
    The model edge has 21 species and 37 reactions


Adding species H2O*(13) to model core

Summary of Model Enlargement
---------------------------------
Added 1 new core species
    H2O*(13)
Created 0 new edge species
Added 0 new core reactions
Created 0 new edge reactions

After model enlargement:
    The model core has 15 species and 1 reactions
    The model edge has 20 species and 37 reactions


Adding species CO*(14) to model core

Summary of Model Enlargement
---------------------------------
Added 1 new core species
    CO*(14)
Created 0 new edge species
Moved 1 reactions from edge to core
    X(1) + CO(3) <=> CO*(14)
Added 0 new core reactions
Created 0 new edge reactions

After model enlargement:
    The model core has 16 species and 2 reactions
    The model edge has 19 species and 36 reactions


Adding species CO2*(15) to model core

Summary of Model Enlargement
---------------------------------
Added 1 new core species
    CO2*(15)
Created 0 new edge species
Added 0 new core reactions
Created 0 new edge reactions

After model enlargement:
    The model core has 17 species and 2 reactions
    The model edge has 18 species and 36 reactions


Adding species HCO*(16) to model core

Summary of Model Enlargement
---------------------------------
Added 1 new core species
    HCO*(16)
Created 0 new edge species
Added 0 new core reactions
Created 0 new edge reactions

After model enlargement:
    The model core has 18 species and 2 reactions
    The model edge has 17 species and 36 reactions


Adding species HCOO*(17) to model core

Summary of Model Enlargement
---------------------------------
Added 1 new core species
    HCOO*(17)
Created 0 new edge species
Added 0 new core reactions
Created 0 new edge reactions

After model enlargement:
    The model core has 19 species and 2 reactions
    The model edge has 16 species and 36 reactions


Adding species COOH*(18) to model core

Summary of Model Enlargement
---------------------------------
Added 1 new core species
    COOH*(18)
Created 0 new edge species
Moved 1 reactions from edge to core
    OH*(12) + HCO*(16) <=> H*(10) + COOH*(18)
Added 0 new core reactions
Created 0 new edge reactions

After model enlargement:
    The model core has 20 species and 3 reactions
    The model edge has 15 species and 35 reactions


Adding species HCOOH*(19) to model core

Summary of Model Enlargement
---------------------------------
Added 1 new core species
    HCOOH*(19)
Created 0 new edge species
Added 0 new core reactions
Created 0 new edge reactions

After model enlargement:
    The model core has 21 species and 3 reactions
    The model edge has 14 species and 35 reactions


Adding species CH2O*(20) to model core

Summary of Model Enlargement
---------------------------------
Added 1 new core species
    CH2O*(20)
Created 0 new edge species
Added 0 new core reactions
Created 0 new edge reactions

After model enlargement:
    The model core has 22 species and 3 reactions
    The model edge has 13 species and 35 reactions


Adding species CH3O*(21) to model core

Summary of Model Enlargement
---------------------------------
Added 1 new core species
    CH3O*(21)
Created 0 new edge species
Added 0 new core reactions
Created 0 new edge reactions

After model enlargement:
    The model core has 23 species and 3 reactions
    The model edge has 12 species and 35 reactions


Adding species CH3O2*(22) to model core

Summary of Model Enlargement
---------------------------------
Added 1 new core species
    CH3O2*(22)
Created 0 new edge species
Added 0 new core reactions
Created 0 new edge reactions

After model enlargement:
    The model core has 24 species and 3 reactions
    The model edge has 11 species and 35 reactions


Adding species CH3OH*(23) to model core

Summary of Model Enlargement
---------------------------------
Added 1 new core species
    CH3OH*(23)
Created 0 new edge species
Added 0 new core reactions
Created 0 new edge reactions

After model enlargement:
    The model core has 25 species and 3 reactions
    The model edge has 10 species and 35 reactions


Initialization complete. Starting model generation.

conditions choosen for reactor 0 were: T = 400.0 K, 
Generating initial reactions...
For reaction generation 1 process is used.
Error: Problem family: Surface_Addition_Single_vdW
Error: Problem reactants: (Molecule(smiles="[Pt]"), Molecule(smiles="[Pt]O[CH]O[Pt]"))
Error: <Molecule "[Pt]">
1 *5 X u0 p0 c0

Error: <Molecule "[Pt]O[CH]O[Pt]">
multiplicity 2
1    O u0 p2 c0 {3,S} {5,S}
2 *2 O u0 p2 c0 {3,S} {6,S}
3 *3 C u1 p0 c0 {1,S} {2,S} {4,S}
4 *4 H u0 p0 c0 {3,S}
5    X u0 p0 c0 {1,S}
6 *1 X u0 p0 c0 {2,S}

