Global RMG Settings:
   database.directory   = /Users/emilymazeau/Code/RMG-database/input (Default, relative to RMG-Py source code)
   test_data.directory  = /Users/emilymazeau/Code/RMG-Py/rmgpy/test_data (Default, relative to RMG-Py source code)
RMG execution initiated at Mon Dec 21 15:05:59 2020

#########################################################
# RMG-Py - Reaction Mechanism Generator in Python       #
# Version: 3.0.0                                        #
# Authors: RMG Developers (rmg_dev@mit.edu)             #
# P.I.s:   William H. Green (whgreen@mit.edu)           #
#          Richard H. West (r.west@neu.edu)             #
# Website: http://reactionmechanismgenerator.github.io/ #
#########################################################

The current git HEAD for RMG-Py is:
	b'4ad449419c8b78df1b6cbfc8804a5ca8b124ff0e'
	b'Mon Dec 14 15:38:31 2020 -0500'

The current git HEAD for RMG-database is:
	b'b5b655b0edefa6c3cef604d6873ad498b82ac0bd'
	b'Mon Dec 21 15:03:31 2020 -0500'

Error: The input file "/Users/emilymazeau/Code/meOH-synthesis/base/inputupdate.py" could not be opened.
Check that the file exists and that you have read access.
